2025-05-19 06:54:12,187 - utils.logger2025-05-19-06.54.08 - INFO - splitwindow_time=1s, audiofeature_method=wav2vec, videofeature_method=openface
2025-05-19 06:54:12,187 - utils.logger2025-05-19-06.54.08 - INFO - batch_size=16, num_epochs=10, labels=2, feature_max_len=25, lr=6e-05
2025-05-19 06:54:12,188 - utils.logger2025-05-19-06.54.08 - INFO - Using random seed: 3407
2025-05-19 06:54:12,188 - utils.logger2025-05-19-06.54.08 - INFO - personalized features used：/root/MPDD-Young/Training/individualEmbedding/descriptions_embeddings_with_ids.npy
2025-05-19 06:54:12,423 - utils.logger2025-05-19-06.54.08 - INFO - The number of training samples = 237
2025-05-19 06:54:12,423 - utils.logger2025-05-19-06.54.08 - INFO - The number of val samples = 27
2025-05-19 06:54:14,893 - utils.logger2025-05-19-06.54.08 - INFO - Epoch 1/10, Avg Loss: 0.6943405787, Weighted F1: 0.4786324786, Unweighted F1: 0.4807692308, Weighted Acc: 0.4916666659, Unweighted Acc: 0.4814814815
2025-05-19 06:54:14,894 - utils.logger2025-05-19-06.54.08 - INFO - Confusion Matrix:
[[6 9]
 [5 7]]
2025-05-19 06:54:16,964 - utils.logger2025-05-19-06.54.08 - INFO - Epoch 2/10, Avg Loss: 0.6944352825, Weighted F1: 0.4786324786, Unweighted F1: 0.4807692308, Weighted Acc: 0.4916666659, Unweighted Acc: 0.4814814815
2025-05-19 06:54:16,964 - utils.logger2025-05-19-06.54.08 - INFO - Confusion Matrix:
[[6 9]
 [5 7]]
2025-05-19 06:54:18,981 - utils.logger2025-05-19-06.54.08 - INFO - Epoch 3/10, Avg Loss: 0.6925890207, Weighted F1: 0.4786324786, Unweighted F1: 0.4807692308, Weighted Acc: 0.4916666659, Unweighted Acc: 0.4814814815
2025-05-19 06:54:18,982 - utils.logger2025-05-19-06.54.08 - INFO - Confusion Matrix:
[[6 9]
 [5 7]]
2025-05-19 06:54:21,069 - utils.logger2025-05-19-06.54.08 - INFO - Epoch 4/10, Avg Loss: 0.6896744013, Weighted F1: 0.5158173601, Unweighted F1: 0.5077138850, Weighted Acc: 0.5083333341, Unweighted Acc: 0.5185185185
2025-05-19 06:54:21,069 - utils.logger2025-05-19-06.54.08 - INFO - Confusion Matrix:
[[9 6]
 [7 5]]
2025-05-19 06:54:23,414 - utils.logger2025-05-19-06.54.08 - INFO - Epoch 5/10, Avg Loss: 0.6947616259, Weighted F1: 0.4786324786, Unweighted F1: 0.4807692308, Weighted Acc: 0.4916666659, Unweighted Acc: 0.4814814815
2025-05-19 06:54:23,415 - utils.logger2025-05-19-06.54.08 - INFO - Confusion Matrix:
[[6 9]
 [5 7]]
2025-05-19 06:54:25,450 - utils.logger2025-05-19-06.54.08 - INFO - Epoch 6/10, Avg Loss: 0.6967100143, Weighted F1: 0.2735042735, Unweighted F1: 0.3076923077, Weighted Acc: 0.4999999958, Unweighted Acc: 0.4444444444
2025-05-19 06:54:25,451 - utils.logger2025-05-19-06.54.08 - INFO - Confusion Matrix:
[[ 0 15]
 [ 0 12]]
2025-05-19 06:54:27,501 - utils.logger2025-05-19-06.54.08 - INFO - Epoch 7/10, Avg Loss: 0.6925799092, Weighted F1: 0.5158173601, Unweighted F1: 0.5077138850, Weighted Acc: 0.5083333341, Unweighted Acc: 0.5185185185
2025-05-19 06:54:27,501 - utils.logger2025-05-19-06.54.08 - INFO - Confusion Matrix:
[[9 6]
 [7 5]]
2025-05-19 06:54:29,491 - utils.logger2025-05-19-06.54.08 - INFO - Epoch 8/10, Avg Loss: 0.6936231256, Weighted F1: 0.5158173601, Unweighted F1: 0.5077138850, Weighted Acc: 0.5083333341, Unweighted Acc: 0.5185185185
2025-05-19 06:54:29,491 - utils.logger2025-05-19-06.54.08 - INFO - Confusion Matrix:
[[9 6]
 [7 5]]
2025-05-19 06:54:31,504 - utils.logger2025-05-19-06.54.08 - INFO - Epoch 9/10, Avg Loss: 0.6943485220, Weighted F1: 0.5158173601, Unweighted F1: 0.5077138850, Weighted Acc: 0.5083333341, Unweighted Acc: 0.5185185185
2025-05-19 06:54:31,504 - utils.logger2025-05-19-06.54.08 - INFO - Confusion Matrix:
[[9 6]
 [7 5]]
2025-05-19 06:54:33,482 - utils.logger2025-05-19-06.54.08 - INFO - Epoch 10/10, Avg Loss: 0.6929652055, Weighted F1: 0.4090354090, Unweighted F1: 0.4065934066, Weighted Acc: 0.4083333333, Unweighted Acc: 0.4074074074
2025-05-19 06:54:33,482 - utils.logger2025-05-19-06.54.08 - INFO - Confusion Matrix:
[[6 9]
 [7 5]]
2025-05-19 06:54:33,482 - utils.logger2025-05-19-06.54.08 - INFO - Training complete. Random seed: 3407. Best epoch: 4.
2025-05-19 06:54:33,482 - utils.logger2025-05-19-06.54.08 - INFO - Best Weighted F1: 0.5158, Best Unweighted F1: 0.5077, Best Weighted Acc: 0.5083, Best Unweighted Acc: 0.5185.
2025-05-19 06:54:33,482 - utils.logger2025-05-19-06.54.08 - INFO - Confusion Matrix:
[[9 6]
 [7 5]]
