2025-05-17 08:42:16,738 - utils.logger2025-05-17-08.42.15 - INFO - splitwindow_time=1s, audiofeature_method=wav2vec, videofeature_method=openface
2025-05-17 08:42:16,738 - utils.logger2025-05-17-08.42.15 - INFO - batch_size=16, num_epochs=10, labels=2, feature_max_len=25, lr=0.001
2025-05-17 08:42:16,739 - utils.logger2025-05-17-08.42.15 - INFO - Using random seed: 3407
2025-05-17 08:42:16,739 - utils.logger2025-05-17-08.42.15 - INFO - personalized features used：/root/MPDD-Young/Training/individualEmbedding/descriptions_embeddings_with_ids.npy
2025-05-17 08:42:19,667 - utils.logger2025-05-17-08.42.15 - INFO - The number of training samples = 237
2025-05-17 08:42:19,667 - utils.logger2025-05-17-08.42.15 - INFO - The number of val samples = 27
2025-05-17 08:42:20,464 - utils.logger2025-05-17-08.42.15 - INFO - Epoch 1/10, Avg Loss: 0.7850436250, Weighted F1: 0.2735042735, Unweighted F1: 0.3076923077, Weighted Acc: 0.4999999958, Unweighted Acc: 0.4444444444
2025-05-17 08:42:20,465 - utils.logger2025-05-17-08.42.15 - INFO - Confusion Matrix:
[[ 0 15]
 [ 0 12]]
2025-05-17 08:42:20,807 - utils.logger2025-05-17-08.42.15 - INFO - Epoch 2/10, Avg Loss: 0.7230999470, Weighted F1: 0.3968253968, Unweighted F1: 0.3571428571, Weighted Acc: 0.5000000042, Unweighted Acc: 0.5555555556
2025-05-17 08:42:20,807 - utils.logger2025-05-17-08.42.15 - INFO - Confusion Matrix:
[[15  0]
 [12  0]]
2025-05-17 08:42:21,226 - utils.logger2025-05-17-08.42.15 - INFO - Epoch 3/10, Avg Loss: 0.7779822628, Weighted F1: 0.3968253968, Unweighted F1: 0.3571428571, Weighted Acc: 0.5000000042, Unweighted Acc: 0.5555555556
2025-05-17 08:42:21,227 - utils.logger2025-05-17-08.42.15 - INFO - Confusion Matrix:
[[15  0]
 [12  0]]
2025-05-17 08:42:21,527 - utils.logger2025-05-17-08.42.15 - INFO - Epoch 4/10, Avg Loss: 0.7354840875, Weighted F1: 0.2735042735, Unweighted F1: 0.3076923077, Weighted Acc: 0.4999999958, Unweighted Acc: 0.4444444444
2025-05-17 08:42:21,527 - utils.logger2025-05-17-08.42.15 - INFO - Confusion Matrix:
[[ 0 15]
 [ 0 12]]
2025-05-17 08:42:21,804 - utils.logger2025-05-17-08.42.15 - INFO - Epoch 5/10, Avg Loss: 0.7143557747, Weighted F1: 0.2735042735, Unweighted F1: 0.3076923077, Weighted Acc: 0.4999999958, Unweighted Acc: 0.4444444444
2025-05-17 08:42:21,804 - utils.logger2025-05-17-08.42.15 - INFO - Confusion Matrix:
[[ 0 15]
 [ 0 12]]
2025-05-17 08:42:22,087 - utils.logger2025-05-17-08.42.15 - INFO - Epoch 6/10, Avg Loss: 0.7308013201, Weighted F1: 0.3968253968, Unweighted F1: 0.3571428571, Weighted Acc: 0.5000000042, Unweighted Acc: 0.5555555556
2025-05-17 08:42:22,088 - utils.logger2025-05-17-08.42.15 - INFO - Confusion Matrix:
[[15  0]
 [12  0]]
2025-05-17 08:42:22,380 - utils.logger2025-05-17-08.42.15 - INFO - Epoch 7/10, Avg Loss: 0.7059183915, Weighted F1: 0.3968253968, Unweighted F1: 0.3571428571, Weighted Acc: 0.5000000042, Unweighted Acc: 0.5555555556
2025-05-17 08:42:22,380 - utils.logger2025-05-17-08.42.15 - INFO - Confusion Matrix:
[[15  0]
 [12  0]]
2025-05-17 08:42:22,675 - utils.logger2025-05-17-08.42.15 - INFO - Epoch 8/10, Avg Loss: 0.7217016578, Weighted F1: 0.2735042735, Unweighted F1: 0.3076923077, Weighted Acc: 0.4999999958, Unweighted Acc: 0.4444444444
2025-05-17 08:42:22,676 - utils.logger2025-05-17-08.42.15 - INFO - Confusion Matrix:
[[ 0 15]
 [ 0 12]]
2025-05-17 08:42:22,946 - utils.logger2025-05-17-08.42.15 - INFO - Epoch 9/10, Avg Loss: 0.7100054026, Weighted F1: 0.3968253968, Unweighted F1: 0.3571428571, Weighted Acc: 0.5000000042, Unweighted Acc: 0.5555555556
2025-05-17 08:42:22,946 - utils.logger2025-05-17-08.42.15 - INFO - Confusion Matrix:
[[15  0]
 [12  0]]
2025-05-17 08:42:23,219 - utils.logger2025-05-17-08.42.15 - INFO - Epoch 10/10, Avg Loss: 0.7043624957, Weighted F1: 0.3968253968, Unweighted F1: 0.3571428571, Weighted Acc: 0.5000000042, Unweighted Acc: 0.5555555556
2025-05-17 08:42:23,219 - utils.logger2025-05-17-08.42.15 - INFO - Confusion Matrix:
[[15  0]
 [12  0]]
2025-05-17 08:42:23,219 - utils.logger2025-05-17-08.42.15 - INFO - Training complete. Random seed: 3407. Best epoch: 2.
2025-05-17 08:42:23,219 - utils.logger2025-05-17-08.42.15 - INFO - Best Weighted F1: 0.3968, Best Unweighted F1: 0.3571, Best Weighted Acc: 0.5000, Best Unweighted Acc: 0.5556.
2025-05-17 08:42:23,219 - utils.logger2025-05-17-08.42.15 - INFO - Confusion Matrix:
[[15  0]
 [12  0]]
