2025-05-19 04:57:57,591 - utils.logger2025-05-19-04.57.53 - INFO - splitwindow_time=1s, audiofeature_method=wav2vec, videofeature_method=openface
2025-05-19 04:57:57,591 - utils.logger2025-05-19-04.57.53 - INFO - batch_size=16, num_epochs=10, labels=2, feature_max_len=25, lr=6e-05
2025-05-19 04:57:57,592 - utils.logger2025-05-19-04.57.53 - INFO - Using random seed: 3407
2025-05-19 04:57:57,592 - utils.logger2025-05-19-04.57.53 - INFO - personalized features used：/root/MPDD-Young/Training/individualEmbedding/descriptions_embeddings_with_ids.npy
2025-05-19 04:57:57,833 - utils.logger2025-05-19-04.57.53 - INFO - The number of training samples = 237
2025-05-19 04:57:57,833 - utils.logger2025-05-19-04.57.53 - INFO - The number of val samples = 27
2025-05-19 04:58:00,332 - utils.logger2025-05-19-04.57.53 - INFO - Epoch 1/10, Avg Loss: 0.6955478827, Weighted F1: 0.2735042735, Unweighted F1: 0.3076923077, Weighted Acc: 0.4999999958, Unweighted Acc: 0.4444444444
2025-05-19 04:58:00,332 - utils.logger2025-05-19-04.57.53 - INFO - Confusion Matrix:
[[ 0 15]
 [ 0 12]]
2025-05-19 04:58:02,425 - utils.logger2025-05-19-04.57.53 - INFO - Epoch 2/10, Avg Loss: 0.6974388043, Weighted F1: 0.2735042735, Unweighted F1: 0.3076923077, Weighted Acc: 0.4999999958, Unweighted Acc: 0.4444444444
2025-05-19 04:58:02,425 - utils.logger2025-05-19-04.57.53 - INFO - Confusion Matrix:
[[ 0 15]
 [ 0 12]]
2025-05-19 04:58:04,417 - utils.logger2025-05-19-04.57.53 - INFO - Epoch 3/10, Avg Loss: 0.6960062782, Weighted F1: 0.2735042735, Unweighted F1: 0.3076923077, Weighted Acc: 0.4999999958, Unweighted Acc: 0.4444444444
2025-05-19 04:58:04,417 - utils.logger2025-05-19-04.57.53 - INFO - Confusion Matrix:
[[ 0 15]
 [ 0 12]]
2025-05-19 04:58:06,425 - utils.logger2025-05-19-04.57.53 - INFO - Epoch 4/10, Avg Loss: 0.6956214348, Weighted F1: 0.2735042735, Unweighted F1: 0.3076923077, Weighted Acc: 0.4999999958, Unweighted Acc: 0.4444444444
2025-05-19 04:58:06,426 - utils.logger2025-05-19-04.57.53 - INFO - Confusion Matrix:
[[ 0 15]
 [ 0 12]]
2025-05-19 04:58:08,398 - utils.logger2025-05-19-04.57.53 - INFO - Epoch 5/10, Avg Loss: 0.6948599299, Weighted F1: 0.3709273183, Unweighted F1: 0.3909774436, Weighted Acc: 0.4833333304, Unweighted Acc: 0.4444444444
2025-05-19 04:58:08,398 - utils.logger2025-05-19-04.57.53 - INFO - Confusion Matrix:
[[ 2 13]
 [ 2 10]]
2025-05-19 04:58:10,828 - utils.logger2025-05-19-04.57.53 - INFO - Epoch 6/10, Avg Loss: 0.6995472868, Weighted F1: 0.2735042735, Unweighted F1: 0.3076923077, Weighted Acc: 0.4999999958, Unweighted Acc: 0.4444444444
2025-05-19 04:58:10,829 - utils.logger2025-05-19-04.57.53 - INFO - Confusion Matrix:
[[ 0 15]
 [ 0 12]]
2025-05-19 04:58:12,800 - utils.logger2025-05-19-04.57.53 - INFO - Epoch 7/10, Avg Loss: 0.6957175334, Weighted F1: 0.2735042735, Unweighted F1: 0.3076923077, Weighted Acc: 0.4999999958, Unweighted Acc: 0.4444444444
2025-05-19 04:58:12,800 - utils.logger2025-05-19-04.57.53 - INFO - Confusion Matrix:
[[ 0 15]
 [ 0 12]]
2025-05-19 04:58:14,752 - utils.logger2025-05-19-04.57.53 - INFO - Epoch 8/10, Avg Loss: 0.6959788561, Weighted F1: 0.5158173601, Unweighted F1: 0.5077138850, Weighted Acc: 0.5083333341, Unweighted Acc: 0.5185185185
2025-05-19 04:58:14,752 - utils.logger2025-05-19-04.57.53 - INFO - Confusion Matrix:
[[9 6]
 [7 5]]
2025-05-19 04:58:17,150 - utils.logger2025-05-19-04.57.53 - INFO - Epoch 9/10, Avg Loss: 0.6930455724, Weighted F1: 0.2735042735, Unweighted F1: 0.3076923077, Weighted Acc: 0.4999999958, Unweighted Acc: 0.4444444444
2025-05-19 04:58:17,150 - utils.logger2025-05-19-04.57.53 - INFO - Confusion Matrix:
[[ 0 15]
 [ 0 12]]
2025-05-19 04:58:19,101 - utils.logger2025-05-19-04.57.53 - INFO - Epoch 10/10, Avg Loss: 0.6963713288, Weighted F1: 0.2735042735, Unweighted F1: 0.3076923077, Weighted Acc: 0.4999999958, Unweighted Acc: 0.4444444444
2025-05-19 04:58:19,101 - utils.logger2025-05-19-04.57.53 - INFO - Confusion Matrix:
[[ 0 15]
 [ 0 12]]
2025-05-19 04:58:19,101 - utils.logger2025-05-19-04.57.53 - INFO - Training complete. Random seed: 3407. Best epoch: 8.
2025-05-19 04:58:19,101 - utils.logger2025-05-19-04.57.53 - INFO - Best Weighted F1: 0.5158, Best Unweighted F1: 0.5077, Best Weighted Acc: 0.5083, Best Unweighted Acc: 0.5185.
2025-05-19 04:58:19,101 - utils.logger2025-05-19-04.57.53 - INFO - Confusion Matrix:
[[9 6]
 [7 5]]
