2025-05-19 04:37:42,787 - utils.logger2025-05-19-04.37.39 - INFO - splitwindow_time=1s, audiofeature_method=wav2vec, videofeature_method=openface
2025-05-19 04:37:42,787 - utils.logger2025-05-19-04.37.39 - INFO - batch_size=16, num_epochs=10, labels=2, feature_max_len=25, lr=6e-05
2025-05-19 04:37:42,788 - utils.logger2025-05-19-04.37.39 - INFO - Using random seed: 3407
2025-05-19 04:37:42,788 - utils.logger2025-05-19-04.37.39 - INFO - personalized features used：/root/MPDD-Young/Training/individualEmbedding/descriptions_embeddings_with_ids.npy
2025-05-19 04:37:43,034 - utils.logger2025-05-19-04.37.39 - INFO - The number of training samples = 237
2025-05-19 04:37:43,034 - utils.logger2025-05-19-04.37.39 - INFO - The number of val samples = 27
2025-05-19 04:37:45,539 - utils.logger2025-05-19-04.37.39 - INFO - Epoch 1/10, Avg Loss: 0.6944815437, Weighted F1: 0.3968253968, Unweighted F1: 0.3571428571, Weighted Acc: 0.5000000042, Unweighted Acc: 0.5555555556
2025-05-19 04:37:45,540 - utils.logger2025-05-19-04.37.39 - INFO - Confusion Matrix:
[[15  0]
 [12  0]]
2025-05-19 04:37:47,626 - utils.logger2025-05-19-04.37.39 - INFO - Epoch 2/10, Avg Loss: 0.6990060409, Weighted F1: 0.3968253968, Unweighted F1: 0.3571428571, Weighted Acc: 0.5000000042, Unweighted Acc: 0.5555555556
2025-05-19 04:37:47,626 - utils.logger2025-05-19-04.37.39 - INFO - Confusion Matrix:
[[15  0]
 [12  0]]
2025-05-19 04:37:49,536 - utils.logger2025-05-19-04.37.39 - INFO - Epoch 3/10, Avg Loss: 0.6931812922, Weighted F1: 0.3968253968, Unweighted F1: 0.3571428571, Weighted Acc: 0.5000000042, Unweighted Acc: 0.5555555556
2025-05-19 04:37:49,537 - utils.logger2025-05-19-04.37.39 - INFO - Confusion Matrix:
[[15  0]
 [12  0]]
2025-05-19 04:37:51,426 - utils.logger2025-05-19-04.37.39 - INFO - Epoch 4/10, Avg Loss: 0.6953761180, Weighted F1: 0.2780182780, Unweighted F1: 0.2597402597, Weighted Acc: 0.2750000016, Unweighted Acc: 0.2962962963
2025-05-19 04:37:51,426 - utils.logger2025-05-19-04.37.39 - INFO - Confusion Matrix:
[[ 7  8]
 [11  1]]
2025-05-19 04:37:53,387 - utils.logger2025-05-19-04.37.39 - INFO - Epoch 5/10, Avg Loss: 0.6931279381, Weighted F1: 0.3968253968, Unweighted F1: 0.3571428571, Weighted Acc: 0.5000000042, Unweighted Acc: 0.5555555556
2025-05-19 04:37:53,387 - utils.logger2025-05-19-04.37.39 - INFO - Confusion Matrix:
[[15  0]
 [12  0]]
2025-05-19 04:37:55,369 - utils.logger2025-05-19-04.37.39 - INFO - Epoch 6/10, Avg Loss: 0.6950729807, Weighted F1: 0.6051282051, Unweighted F1: 0.5846153846, Weighted Acc: 0.6250000031, Unweighted Acc: 0.6666666667
2025-05-19 04:37:55,369 - utils.logger2025-05-19-04.37.39 - INFO - Confusion Matrix:
[[15  0]
 [ 9  3]]
2025-05-19 04:37:57,808 - utils.logger2025-05-19-04.37.39 - INFO - Epoch 7/10, Avg Loss: 0.6931030830, Weighted F1: 0.3968253968, Unweighted F1: 0.3571428571, Weighted Acc: 0.5000000042, Unweighted Acc: 0.5555555556
2025-05-19 04:37:57,809 - utils.logger2025-05-19-04.37.39 - INFO - Confusion Matrix:
[[15  0]
 [12  0]]
2025-05-19 04:37:59,867 - utils.logger2025-05-19-04.37.39 - INFO - Epoch 8/10, Avg Loss: 0.6905619502, Weighted F1: 0.5158173601, Unweighted F1: 0.5077138850, Weighted Acc: 0.5083333341, Unweighted Acc: 0.5185185185
2025-05-19 04:37:59,868 - utils.logger2025-05-19-04.37.39 - INFO - Confusion Matrix:
[[9 6]
 [7 5]]
2025-05-19 04:38:01,824 - utils.logger2025-05-19-04.37.39 - INFO - Epoch 9/10, Avg Loss: 0.6950091402, Weighted F1: 0.3968253968, Unweighted F1: 0.3571428571, Weighted Acc: 0.5000000042, Unweighted Acc: 0.5555555556
2025-05-19 04:38:01,824 - utils.logger2025-05-19-04.37.39 - INFO - Confusion Matrix:
[[15  0]
 [12  0]]
2025-05-19 04:38:03,808 - utils.logger2025-05-19-04.37.39 - INFO - Epoch 10/10, Avg Loss: 0.6954588890, Weighted F1: 0.3968253968, Unweighted F1: 0.3571428571, Weighted Acc: 0.5000000042, Unweighted Acc: 0.5555555556
2025-05-19 04:38:03,808 - utils.logger2025-05-19-04.37.39 - INFO - Confusion Matrix:
[[15  0]
 [12  0]]
2025-05-19 04:38:03,808 - utils.logger2025-05-19-04.37.39 - INFO - Training complete. Random seed: 3407. Best epoch: 6.
2025-05-19 04:38:03,808 - utils.logger2025-05-19-04.37.39 - INFO - Best Weighted F1: 0.6051, Best Unweighted F1: 0.5846, Best Weighted Acc: 0.6250, Best Unweighted Acc: 0.6667.
2025-05-19 04:38:03,808 - utils.logger2025-05-19-04.37.39 - INFO - Confusion Matrix:
[[15  0]
 [ 9  3]]
