2025-05-19 04:45:42,180 - utils.logger2025-05-19-04.45.38 - INFO - splitwindow_time=1s, audiofeature_method=wav2vec, videofeature_method=openface
2025-05-19 04:45:42,180 - utils.logger2025-05-19-04.45.38 - INFO - batch_size=16, num_epochs=10, labels=2, feature_max_len=25, lr=6e-05
2025-05-19 04:45:42,181 - utils.logger2025-05-19-04.45.38 - INFO - Using random seed: 3407
2025-05-19 04:45:42,181 - utils.logger2025-05-19-04.45.38 - INFO - personalized features used：/root/MPDD-Young/Training/individualEmbedding/descriptions_embeddings_with_ids.npy
2025-05-19 04:45:42,419 - utils.logger2025-05-19-04.45.38 - INFO - The number of training samples = 237
2025-05-19 04:45:42,419 - utils.logger2025-05-19-04.45.38 - INFO - The number of val samples = 27
2025-05-19 04:45:44,926 - utils.logger2025-05-19-04.45.38 - INFO - Epoch 1/10, Avg Loss: 0.6924346010, Weighted F1: 0.3968253968, Unweighted F1: 0.3571428571, Weighted Acc: 0.5000000042, Unweighted Acc: 0.5555555556
2025-05-19 04:45:44,926 - utils.logger2025-05-19-04.45.38 - INFO - Confusion Matrix:
[[15  0]
 [12  0]]
2025-05-19 04:45:47,050 - utils.logger2025-05-19-04.45.38 - INFO - Epoch 2/10, Avg Loss: 0.6957017978, Weighted F1: 0.4814814815, Unweighted F1: 0.4750000000, Weighted Acc: 0.4750000005, Unweighted Acc: 0.4814814815
2025-05-19 04:45:47,050 - utils.logger2025-05-19-04.45.38 - INFO - Confusion Matrix:
[[8 7]
 [7 5]]
2025-05-19 04:45:49,499 - utils.logger2025-05-19-04.45.38 - INFO - Epoch 3/10, Avg Loss: 0.6936801434, Weighted F1: 0.3968253968, Unweighted F1: 0.3571428571, Weighted Acc: 0.5000000042, Unweighted Acc: 0.5555555556
2025-05-19 04:45:49,499 - utils.logger2025-05-19-04.45.38 - INFO - Confusion Matrix:
[[15  0]
 [12  0]]
2025-05-19 04:45:51,503 - utils.logger2025-05-19-04.45.38 - INFO - Epoch 4/10, Avg Loss: 0.6929027279, Weighted F1: 0.3968253968, Unweighted F1: 0.3571428571, Weighted Acc: 0.5000000042, Unweighted Acc: 0.5555555556
2025-05-19 04:45:51,503 - utils.logger2025-05-19-04.45.38 - INFO - Confusion Matrix:
[[15  0]
 [12  0]]
2025-05-19 04:45:53,529 - utils.logger2025-05-19-04.45.38 - INFO - Epoch 5/10, Avg Loss: 0.6934513172, Weighted F1: 0.3968253968, Unweighted F1: 0.3571428571, Weighted Acc: 0.5000000042, Unweighted Acc: 0.5555555556
2025-05-19 04:45:53,530 - utils.logger2025-05-19-04.45.38 - INFO - Confusion Matrix:
[[15  0]
 [12  0]]
2025-05-19 04:45:55,525 - utils.logger2025-05-19-04.45.38 - INFO - Epoch 6/10, Avg Loss: 0.6975577235, Weighted F1: 0.5158173601, Unweighted F1: 0.5077138850, Weighted Acc: 0.5083333341, Unweighted Acc: 0.5185185185
2025-05-19 04:45:55,525 - utils.logger2025-05-19-04.45.38 - INFO - Confusion Matrix:
[[9 6]
 [7 5]]
2025-05-19 04:45:58,016 - utils.logger2025-05-19-04.45.38 - INFO - Epoch 7/10, Avg Loss: 0.6920301755, Weighted F1: 0.3968253968, Unweighted F1: 0.3571428571, Weighted Acc: 0.5000000042, Unweighted Acc: 0.5555555556
2025-05-19 04:45:58,017 - utils.logger2025-05-19-04.45.38 - INFO - Confusion Matrix:
[[15  0]
 [12  0]]
2025-05-19 04:46:00,033 - utils.logger2025-05-19-04.45.38 - INFO - Epoch 8/10, Avg Loss: 0.6933075150, Weighted F1: 0.3968253968, Unweighted F1: 0.3571428571, Weighted Acc: 0.5000000042, Unweighted Acc: 0.5555555556
2025-05-19 04:46:00,034 - utils.logger2025-05-19-04.45.38 - INFO - Confusion Matrix:
[[15  0]
 [12  0]]
2025-05-19 04:46:02,086 - utils.logger2025-05-19-04.45.38 - INFO - Epoch 9/10, Avg Loss: 0.6895161351, Weighted F1: 0.3968253968, Unweighted F1: 0.3571428571, Weighted Acc: 0.5000000042, Unweighted Acc: 0.5555555556
2025-05-19 04:46:02,086 - utils.logger2025-05-19-04.45.38 - INFO - Confusion Matrix:
[[15  0]
 [12  0]]
2025-05-19 04:46:04,085 - utils.logger2025-05-19-04.45.38 - INFO - Epoch 10/10, Avg Loss: 0.6944332043, Weighted F1: 0.2735042735, Unweighted F1: 0.3076923077, Weighted Acc: 0.4999999958, Unweighted Acc: 0.4444444444
2025-05-19 04:46:04,086 - utils.logger2025-05-19-04.45.38 - INFO - Confusion Matrix:
[[ 0 15]
 [ 0 12]]
2025-05-19 04:46:04,086 - utils.logger2025-05-19-04.45.38 - INFO - Training complete. Random seed: 3407. Best epoch: 6.
2025-05-19 04:46:04,086 - utils.logger2025-05-19-04.45.38 - INFO - Best Weighted F1: 0.5158, Best Unweighted F1: 0.5077, Best Weighted Acc: 0.5083, Best Unweighted Acc: 0.5185.
2025-05-19 04:46:04,086 - utils.logger2025-05-19-04.45.38 - INFO - Confusion Matrix:
[[9 6]
 [7 5]]
