2025-05-19 07:53:06,167 - utils.logger2025-05-19-07.53.02 - INFO - splitwindow_time=1s, audiofeature_method=wav2vec, videofeature_method=openface
2025-05-19 07:53:06,168 - utils.logger2025-05-19-07.53.02 - INFO - batch_size=16, num_epochs=10, labels=2, feature_max_len=25, lr=6e-05
2025-05-19 07:53:06,169 - utils.logger2025-05-19-07.53.02 - INFO - Using random seed: 3407
2025-05-19 07:53:06,169 - utils.logger2025-05-19-07.53.02 - INFO - personalized features used：/root/MPDD-Young/Training/individualEmbedding/descriptions_embeddings_with_ids.npy
2025-05-19 07:53:06,419 - utils.logger2025-05-19-07.53.02 - INFO - The number of training samples = 237
2025-05-19 07:53:06,419 - utils.logger2025-05-19-07.53.02 - INFO - The number of val samples = 27
2025-05-19 07:53:07,849 - utils.logger2025-05-19-07.53.02 - INFO - Epoch 1/10, Avg Loss: 0.6996520559, Weighted F1: 0.5608465608, Unweighted F1: 0.5714285714, Weighted Acc: 0.6249999976, Unweighted Acc: 0.5925925926
2025-05-19 07:53:07,850 - utils.logger2025-05-19-07.53.02 - INFO - Confusion Matrix:
[[ 5 10]
 [ 1 11]]
2025-05-19 07:53:08,862 - utils.logger2025-05-19-07.53.02 - INFO - Epoch 2/10, Avg Loss: 0.6941783349, Weighted F1: 0.4829059829, Unweighted F1: 0.4807692308, Weighted Acc: 0.4833333332, Unweighted Acc: 0.4814814815
2025-05-19 07:53:08,862 - utils.logger2025-05-19-07.53.02 - INFO - Confusion Matrix:
[[7 8]
 [6 6]]
2025-05-19 07:53:09,724 - utils.logger2025-05-19-07.53.02 - INFO - Epoch 3/10, Avg Loss: 0.6752698024, Weighted F1: 0.5680868839, Unweighted F1: 0.5533834586, Weighted Acc: 0.5666666686, Unweighted Acc: 0.5925925926
2025-05-19 07:53:09,724 - utils.logger2025-05-19-07.53.02 - INFO - Confusion Matrix:
[[12  3]
 [ 8  4]]
2025-05-19 07:53:10,799 - utils.logger2025-05-19-07.53.02 - INFO - Epoch 4/10, Avg Loss: 0.6377741893, Weighted F1: 0.6580086580, Unweighted F1: 0.6493506494, Weighted Acc: 0.6500000012, Unweighted Acc: 0.6666666667
2025-05-19 07:53:10,800 - utils.logger2025-05-19-07.53.02 - INFO - Confusion Matrix:
[[12  3]
 [ 6  6]]
2025-05-19 07:53:11,942 - utils.logger2025-05-19-07.53.02 - INFO - Epoch 5/10, Avg Loss: 0.6114967088, Weighted F1: 0.6915032680, Unweighted F1: 0.6823529412, Weighted Acc: 0.6833333349, Unweighted Acc: 0.7037037037
2025-05-19 07:53:11,942 - utils.logger2025-05-19-07.53.02 - INFO - Confusion Matrix:
[[13  2]
 [ 6  6]]
2025-05-19 07:53:12,959 - utils.logger2025-05-19-07.53.02 - INFO - Epoch 6/10, Avg Loss: 0.6118394891, Weighted F1: 0.5436507937, Unweighted F1: 0.5178571429, Weighted Acc: 0.5833333368, Unweighted Acc: 0.6296296296
2025-05-19 07:53:12,960 - utils.logger2025-05-19-07.53.02 - INFO - Confusion Matrix:
[[15  0]
 [10  2]]
2025-05-19 07:53:13,797 - utils.logger2025-05-19-07.53.02 - INFO - Epoch 7/10, Avg Loss: 0.5954967161, Weighted F1: 0.6790123457, Unweighted F1: 0.6666666667, Weighted Acc: 0.6750000022, Unweighted Acc: 0.7037037037
2025-05-19 07:53:13,798 - utils.logger2025-05-19-07.53.02 - INFO - Confusion Matrix:
[[14  1]
 [ 7  5]]
2025-05-19 07:53:14,615 - utils.logger2025-05-19-07.53.02 - INFO - Epoch 8/10, Avg Loss: 0.5499950965, Weighted F1: 0.6790123457, Unweighted F1: 0.6666666667, Weighted Acc: 0.6750000022, Unweighted Acc: 0.7037037037
2025-05-19 07:53:14,615 - utils.logger2025-05-19-07.53.02 - INFO - Confusion Matrix:
[[14  1]
 [ 7  5]]
2025-05-19 07:53:15,427 - utils.logger2025-05-19-07.53.02 - INFO - Epoch 9/10, Avg Loss: 0.5385640800, Weighted F1: 0.5760233918, Unweighted F1: 0.5559210526, Weighted Acc: 0.5916666695, Unweighted Acc: 0.6296296296
2025-05-19 07:53:15,428 - utils.logger2025-05-19-07.53.02 - INFO - Confusion Matrix:
[[14  1]
 [ 9  3]]
2025-05-19 07:53:16,266 - utils.logger2025-05-19-07.53.02 - INFO - Epoch 10/10, Avg Loss: 0.5276743650, Weighted F1: 0.6580086580, Unweighted F1: 0.6493506494, Weighted Acc: 0.6500000012, Unweighted Acc: 0.6666666667
2025-05-19 07:53:16,266 - utils.logger2025-05-19-07.53.02 - INFO - Confusion Matrix:
[[12  3]
 [ 6  6]]
2025-05-19 07:53:16,266 - utils.logger2025-05-19-07.53.02 - INFO - Training complete. Random seed: 3407. Best epoch: 5.
2025-05-19 07:53:16,266 - utils.logger2025-05-19-07.53.02 - INFO - Best Weighted F1: 0.6915, Best Unweighted F1: 0.6824, Best Weighted Acc: 0.6833, Best Unweighted Acc: 0.7037.
2025-05-19 07:53:16,266 - utils.logger2025-05-19-07.53.02 - INFO - Confusion Matrix:
[[13  2]
 [ 6  6]]
