2025-05-17 15:46:49,835 - utils.logger2025-05-17-15.46.48 - INFO - splitwindow_time=1s, audiofeature_method=wav2vec, videofeature_method=openface
2025-05-17 15:46:49,835 - utils.logger2025-05-17-15.46.48 - INFO - batch_size=16, num_epochs=10, labels=2, feature_max_len=25, lr=6e-05
2025-05-17 15:46:49,836 - utils.logger2025-05-17-15.46.48 - INFO - Using random seed: 3407
2025-05-17 15:46:49,836 - utils.logger2025-05-17-15.46.48 - INFO - personalized features used：/root/MPDD-Young/Training/individualEmbedding/descriptions_embeddings_with_ids.npy
2025-05-17 15:46:52,795 - utils.logger2025-05-17-15.46.48 - INFO - The number of training samples = 237
2025-05-17 15:46:52,795 - utils.logger2025-05-17-15.46.48 - INFO - The number of val samples = 27
2025-05-17 15:46:53,721 - utils.logger2025-05-17-15.46.48 - INFO - Epoch 1/10, Avg Loss: 0.6951931397, Weighted F1: 0.4548036759, Unweighted F1: 0.4721804511, Weighted Acc: 0.5583333303, Unweighted Acc: 0.5185185185
2025-05-17 15:46:53,721 - utils.logger2025-05-17-15.46.48 - INFO - Confusion Matrix:
[[ 3 12]
 [ 1 11]]
2025-05-17 15:46:54,197 - utils.logger2025-05-17-15.46.48 - INFO - Epoch 2/10, Avg Loss: 0.7109453201, Weighted F1: 0.4996104098, Unweighted F1: 0.5077138850, Weighted Acc: 0.5416666649, Unweighted Acc: 0.5185185185
2025-05-17 15:46:54,197 - utils.logger2025-05-17-15.46.48 - INFO - Confusion Matrix:
[[ 5 10]
 [ 3  9]]
2025-05-17 15:46:54,932 - utils.logger2025-05-17-15.46.48 - INFO - Epoch 3/10, Avg Loss: 0.6897698720, Weighted F1: 0.3968253968, Unweighted F1: 0.3571428571, Weighted Acc: 0.5000000042, Unweighted Acc: 0.5555555556
2025-05-17 15:46:54,932 - utils.logger2025-05-17-15.46.48 - INFO - Confusion Matrix:
[[15  0]
 [12  0]]
2025-05-17 15:46:55,393 - utils.logger2025-05-17-15.46.48 - INFO - Epoch 4/10, Avg Loss: 0.7019437273, Weighted F1: 0.2735042735, Unweighted F1: 0.3076923077, Weighted Acc: 0.4999999958, Unweighted Acc: 0.4444444444
2025-05-17 15:46:55,394 - utils.logger2025-05-17-15.46.48 - INFO - Confusion Matrix:
[[ 0 15]
 [ 0 12]]
2025-05-17 15:46:55,862 - utils.logger2025-05-17-15.46.48 - INFO - Epoch 5/10, Avg Loss: 0.6976465662, Weighted F1: 0.3968253968, Unweighted F1: 0.3571428571, Weighted Acc: 0.5000000042, Unweighted Acc: 0.5555555556
2025-05-17 15:46:55,862 - utils.logger2025-05-17-15.46.48 - INFO - Confusion Matrix:
[[15  0]
 [12  0]]
2025-05-17 15:46:56,340 - utils.logger2025-05-17-15.46.48 - INFO - Epoch 6/10, Avg Loss: 0.7159487844, Weighted F1: 0.3968253968, Unweighted F1: 0.3571428571, Weighted Acc: 0.5000000042, Unweighted Acc: 0.5555555556
2025-05-17 15:46:56,340 - utils.logger2025-05-17-15.46.48 - INFO - Confusion Matrix:
[[15  0]
 [12  0]]
2025-05-17 15:46:56,806 - utils.logger2025-05-17-15.46.48 - INFO - Epoch 7/10, Avg Loss: 0.6992304246, Weighted F1: 0.3968253968, Unweighted F1: 0.3571428571, Weighted Acc: 0.5000000042, Unweighted Acc: 0.5555555556
2025-05-17 15:46:56,807 - utils.logger2025-05-17-15.46.48 - INFO - Confusion Matrix:
[[15  0]
 [12  0]]
2025-05-17 15:46:57,275 - utils.logger2025-05-17-15.46.48 - INFO - Epoch 8/10, Avg Loss: 0.7012386401, Weighted F1: 0.3968253968, Unweighted F1: 0.3571428571, Weighted Acc: 0.5000000042, Unweighted Acc: 0.5555555556
2025-05-17 15:46:57,276 - utils.logger2025-05-17-15.46.48 - INFO - Confusion Matrix:
[[15  0]
 [12  0]]
2025-05-17 15:46:57,724 - utils.logger2025-05-17-15.46.48 - INFO - Epoch 9/10, Avg Loss: 0.6976843516, Weighted F1: 0.4064327485, Unweighted F1: 0.3782894737, Weighted Acc: 0.4416666697, Unweighted Acc: 0.4814814815
2025-05-17 15:46:57,724 - utils.logger2025-05-17-15.46.48 - INFO - Confusion Matrix:
[[12  3]
 [11  1]]
2025-05-17 15:46:58,175 - utils.logger2025-05-17-15.46.48 - INFO - Epoch 10/10, Avg Loss: 0.6970140537, Weighted F1: 0.2735042735, Unweighted F1: 0.3076923077, Weighted Acc: 0.4999999958, Unweighted Acc: 0.4444444444
2025-05-17 15:46:58,175 - utils.logger2025-05-17-15.46.48 - INFO - Confusion Matrix:
[[ 0 15]
 [ 0 12]]
2025-05-17 15:46:58,176 - utils.logger2025-05-17-15.46.48 - INFO - Training complete. Random seed: 3407. Best epoch: 2.
2025-05-17 15:46:58,176 - utils.logger2025-05-17-15.46.48 - INFO - Best Weighted F1: 0.4996, Best Unweighted F1: 0.5077, Best Weighted Acc: 0.5417, Best Unweighted Acc: 0.5185.
2025-05-17 15:46:58,176 - utils.logger2025-05-17-15.46.48 - INFO - Confusion Matrix:
[[ 5 10]
 [ 3  9]]
