2025-05-19 04:20:53,110 - utils.logger2025-05-19-04.20.49 - INFO - splitwindow_time=1s, audiofeature_method=wav2vec, videofeature_method=openface
2025-05-19 04:20:53,111 - utils.logger2025-05-19-04.20.49 - INFO - batch_size=16, num_epochs=10, labels=2, feature_max_len=25, lr=6e-05
2025-05-19 04:20:53,112 - utils.logger2025-05-19-04.20.49 - INFO - Using random seed: 3407
2025-05-19 04:20:53,112 - utils.logger2025-05-19-04.20.49 - INFO - personalized features used：/root/MPDD-Young/Training/individualEmbedding/descriptions_embeddings_with_ids.npy
2025-05-19 04:20:53,349 - utils.logger2025-05-19-04.20.49 - INFO - The number of training samples = 237
2025-05-19 04:20:53,349 - utils.logger2025-05-19-04.20.49 - INFO - The number of val samples = 27
2025-05-19 04:20:55,916 - utils.logger2025-05-19-04.20.49 - INFO - Epoch 1/10, Avg Loss: 0.6939611475, Weighted F1: 0.5173789174, Unweighted F1: 0.4923076923, Weighted Acc: 0.5500000032, Unweighted Acc: 0.5925925926
2025-05-19 04:20:55,917 - utils.logger2025-05-19-04.20.49 - INFO - Confusion Matrix:
[[14  1]
 [10  2]]
2025-05-19 04:20:58,095 - utils.logger2025-05-19-04.20.49 - INFO - Epoch 2/10, Avg Loss: 0.6961185535, Weighted F1: 0.3968253968, Unweighted F1: 0.3571428571, Weighted Acc: 0.5000000042, Unweighted Acc: 0.5555555556
2025-05-19 04:20:58,096 - utils.logger2025-05-19-04.20.49 - INFO - Confusion Matrix:
[[15  0]
 [12  0]]
2025-05-19 04:21:00,181 - utils.logger2025-05-19-04.20.49 - INFO - Epoch 3/10, Avg Loss: 0.6947463234, Weighted F1: 0.3968253968, Unweighted F1: 0.3571428571, Weighted Acc: 0.5000000042, Unweighted Acc: 0.5555555556
2025-05-19 04:21:00,182 - utils.logger2025-05-19-04.20.49 - INFO - Confusion Matrix:
[[15  0]
 [12  0]]
2025-05-19 04:21:02,259 - utils.logger2025-05-19-04.20.49 - INFO - Epoch 4/10, Avg Loss: 0.6971634150, Weighted F1: 0.3968253968, Unweighted F1: 0.3571428571, Weighted Acc: 0.5000000042, Unweighted Acc: 0.5555555556
2025-05-19 04:21:02,259 - utils.logger2025-05-19-04.20.49 - INFO - Confusion Matrix:
[[15  0]
 [12  0]]
2025-05-19 04:21:04,344 - utils.logger2025-05-19-04.20.49 - INFO - Epoch 5/10, Avg Loss: 0.6942882339, Weighted F1: 0.3968253968, Unweighted F1: 0.3571428571, Weighted Acc: 0.5000000042, Unweighted Acc: 0.5555555556
2025-05-19 04:21:04,344 - utils.logger2025-05-19-04.20.49 - INFO - Confusion Matrix:
[[15  0]
 [12  0]]
2025-05-19 04:21:06,391 - utils.logger2025-05-19-04.20.49 - INFO - Epoch 6/10, Avg Loss: 0.6952331662, Weighted F1: 0.4786324786, Unweighted F1: 0.4807692308, Weighted Acc: 0.4916666659, Unweighted Acc: 0.4814814815
2025-05-19 04:21:06,391 - utils.logger2025-05-19-04.20.49 - INFO - Confusion Matrix:
[[6 9]
 [5 7]]
2025-05-19 04:21:08,446 - utils.logger2025-05-19-04.20.49 - INFO - Epoch 7/10, Avg Loss: 0.6942547242, Weighted F1: 0.3968253968, Unweighted F1: 0.3571428571, Weighted Acc: 0.5000000042, Unweighted Acc: 0.5555555556
2025-05-19 04:21:08,446 - utils.logger2025-05-19-04.20.49 - INFO - Confusion Matrix:
[[15  0]
 [12  0]]
2025-05-19 04:21:10,518 - utils.logger2025-05-19-04.20.49 - INFO - Epoch 8/10, Avg Loss: 0.6925827463, Weighted F1: 0.6915032680, Unweighted F1: 0.6823529412, Weighted Acc: 0.6833333349, Unweighted Acc: 0.7037037037
2025-05-19 04:21:10,518 - utils.logger2025-05-19-04.20.49 - INFO - Confusion Matrix:
[[13  2]
 [ 6  6]]
2025-05-19 04:21:13,052 - utils.logger2025-05-19-04.20.49 - INFO - Epoch 9/10, Avg Loss: 0.6917771379, Weighted F1: 0.5158173601, Unweighted F1: 0.5077138850, Weighted Acc: 0.5083333341, Unweighted Acc: 0.5185185185
2025-05-19 04:21:13,053 - utils.logger2025-05-19-04.20.49 - INFO - Confusion Matrix:
[[9 6]
 [7 5]]
2025-05-19 04:21:15,270 - utils.logger2025-05-19-04.20.49 - INFO - Epoch 10/10, Avg Loss: 0.6996063828, Weighted F1: 0.3968253968, Unweighted F1: 0.3571428571, Weighted Acc: 0.5000000042, Unweighted Acc: 0.5555555556
2025-05-19 04:21:15,271 - utils.logger2025-05-19-04.20.49 - INFO - Confusion Matrix:
[[15  0]
 [12  0]]
2025-05-19 04:21:15,271 - utils.logger2025-05-19-04.20.49 - INFO - Training complete. Random seed: 3407. Best epoch: 8.
2025-05-19 04:21:15,271 - utils.logger2025-05-19-04.20.49 - INFO - Best Weighted F1: 0.6915, Best Unweighted F1: 0.6824, Best Weighted Acc: 0.6833, Best Unweighted Acc: 0.7037.
2025-05-19 04:21:15,271 - utils.logger2025-05-19-04.20.49 - INFO - Confusion Matrix:
[[13  2]
 [ 6  6]]
