2025-05-19 04:47:17,351 - utils.logger2025-05-19-04.47.13 - INFO - splitwindow_time=1s, audiofeature_method=wav2vec, videofeature_method=openface
2025-05-19 04:47:17,352 - utils.logger2025-05-19-04.47.13 - INFO - batch_size=16, num_epochs=10, labels=2, feature_max_len=25, lr=6e-05
2025-05-19 04:47:17,353 - utils.logger2025-05-19-04.47.13 - INFO - Using random seed: 3407
2025-05-19 04:47:17,353 - utils.logger2025-05-19-04.47.13 - INFO - personalized features used：/root/MPDD-Young/Training/individualEmbedding/descriptions_embeddings_with_ids.npy
2025-05-19 04:47:17,597 - utils.logger2025-05-19-04.47.13 - INFO - The number of training samples = 237
2025-05-19 04:47:17,597 - utils.logger2025-05-19-04.47.13 - INFO - The number of val samples = 27
2025-05-19 04:47:20,061 - utils.logger2025-05-19-04.47.13 - INFO - Epoch 1/10, Avg Loss: 0.6932310025, Weighted F1: 0.4786324786, Unweighted F1: 0.4807692308, Weighted Acc: 0.4916666659, Unweighted Acc: 0.4814814815
2025-05-19 04:47:20,061 - utils.logger2025-05-19-04.47.13 - INFO - Confusion Matrix:
[[6 9]
 [5 7]]
2025-05-19 04:47:22,152 - utils.logger2025-05-19-04.47.13 - INFO - Epoch 2/10, Avg Loss: 0.6948456446, Weighted F1: 0.4786324786, Unweighted F1: 0.4807692308, Weighted Acc: 0.4916666659, Unweighted Acc: 0.4814814815
2025-05-19 04:47:22,153 - utils.logger2025-05-19-04.47.13 - INFO - Confusion Matrix:
[[6 9]
 [5 7]]
2025-05-19 04:47:24,142 - utils.logger2025-05-19-04.47.13 - INFO - Epoch 3/10, Avg Loss: 0.6922968348, Weighted F1: 0.5158173601, Unweighted F1: 0.5077138850, Weighted Acc: 0.5083333341, Unweighted Acc: 0.5185185185
2025-05-19 04:47:24,143 - utils.logger2025-05-19-04.47.13 - INFO - Confusion Matrix:
[[9 6]
 [7 5]]
2025-05-19 04:47:26,615 - utils.logger2025-05-19-04.47.13 - INFO - Epoch 4/10, Avg Loss: 0.6940977057, Weighted F1: 0.2735042735, Unweighted F1: 0.3076923077, Weighted Acc: 0.4999999958, Unweighted Acc: 0.4444444444
2025-05-19 04:47:26,615 - utils.logger2025-05-19-04.47.13 - INFO - Confusion Matrix:
[[ 0 15]
 [ 0 12]]
2025-05-19 04:47:28,691 - utils.logger2025-05-19-04.47.13 - INFO - Epoch 5/10, Avg Loss: 0.6968486587, Weighted F1: 0.2735042735, Unweighted F1: 0.3076923077, Weighted Acc: 0.4999999958, Unweighted Acc: 0.4444444444
2025-05-19 04:47:28,691 - utils.logger2025-05-19-04.47.13 - INFO - Confusion Matrix:
[[ 0 15]
 [ 0 12]]
2025-05-19 04:47:30,698 - utils.logger2025-05-19-04.47.13 - INFO - Epoch 6/10, Avg Loss: 0.6936745167, Weighted F1: 0.2735042735, Unweighted F1: 0.3076923077, Weighted Acc: 0.4999999958, Unweighted Acc: 0.4444444444
2025-05-19 04:47:30,698 - utils.logger2025-05-19-04.47.13 - INFO - Confusion Matrix:
[[ 0 15]
 [ 0 12]]
2025-05-19 04:47:32,727 - utils.logger2025-05-19-04.47.13 - INFO - Epoch 7/10, Avg Loss: 0.6944961230, Weighted F1: 0.2735042735, Unweighted F1: 0.3076923077, Weighted Acc: 0.4999999958, Unweighted Acc: 0.4444444444
2025-05-19 04:47:32,727 - utils.logger2025-05-19-04.47.13 - INFO - Confusion Matrix:
[[ 0 15]
 [ 0 12]]
2025-05-19 04:47:34,730 - utils.logger2025-05-19-04.47.13 - INFO - Epoch 8/10, Avg Loss: 0.6961728374, Weighted F1: 0.5158173601, Unweighted F1: 0.5077138850, Weighted Acc: 0.5083333341, Unweighted Acc: 0.5185185185
2025-05-19 04:47:34,730 - utils.logger2025-05-19-04.47.13 - INFO - Confusion Matrix:
[[9 6]
 [7 5]]
2025-05-19 04:47:36,718 - utils.logger2025-05-19-04.47.13 - INFO - Epoch 9/10, Avg Loss: 0.6953400970, Weighted F1: 0.4786324786, Unweighted F1: 0.4807692308, Weighted Acc: 0.4916666659, Unweighted Acc: 0.4814814815
2025-05-19 04:47:36,718 - utils.logger2025-05-19-04.47.13 - INFO - Confusion Matrix:
[[6 9]
 [5 7]]
2025-05-19 04:47:38,672 - utils.logger2025-05-19-04.47.13 - INFO - Epoch 10/10, Avg Loss: 0.6978117148, Weighted F1: 0.2735042735, Unweighted F1: 0.3076923077, Weighted Acc: 0.4999999958, Unweighted Acc: 0.4444444444
2025-05-19 04:47:38,672 - utils.logger2025-05-19-04.47.13 - INFO - Confusion Matrix:
[[ 0 15]
 [ 0 12]]
2025-05-19 04:47:38,672 - utils.logger2025-05-19-04.47.13 - INFO - Training complete. Random seed: 3407. Best epoch: 3.
2025-05-19 04:47:38,672 - utils.logger2025-05-19-04.47.13 - INFO - Best Weighted F1: 0.5158, Best Unweighted F1: 0.5077, Best Weighted Acc: 0.5083, Best Unweighted Acc: 0.5185.
2025-05-19 04:47:38,672 - utils.logger2025-05-19-04.47.13 - INFO - Confusion Matrix:
[[9 6]
 [7 5]]
