2025-05-19 04:23:29,061 - utils.logger2025-05-19-04.23.25 - INFO - splitwindow_time=1s, audiofeature_method=wav2vec, videofeature_method=openface
2025-05-19 04:23:29,061 - utils.logger2025-05-19-04.23.25 - INFO - batch_size=8, num_epochs=10, labels=2, feature_max_len=25, lr=6e-05
2025-05-19 04:23:29,062 - utils.logger2025-05-19-04.23.25 - INFO - Using random seed: 3407
2025-05-19 04:23:29,062 - utils.logger2025-05-19-04.23.25 - INFO - personalized features used：/root/MPDD-Young/Training/individualEmbedding/descriptions_embeddings_with_ids.npy
2025-05-19 04:23:29,300 - utils.logger2025-05-19-04.23.25 - INFO - The number of training samples = 237
2025-05-19 04:23:29,300 - utils.logger2025-05-19-04.23.25 - INFO - The number of val samples = 27
2025-05-19 04:23:33,769 - utils.logger2025-05-19-04.23.25 - INFO - Epoch 1/10, Avg Loss: 0.7008975764, Weighted F1: 0.3968253968, Unweighted F1: 0.3571428571, Weighted Acc: 0.5000000042, Unweighted Acc: 0.5555555556
2025-05-19 04:23:33,769 - utils.logger2025-05-19-04.23.25 - INFO - Confusion Matrix:
[[15  0]
 [12  0]]
2025-05-19 04:23:37,742 - utils.logger2025-05-19-04.23.25 - INFO - Epoch 2/10, Avg Loss: 0.6963500500, Weighted F1: 0.3968253968, Unweighted F1: 0.3571428571, Weighted Acc: 0.5000000042, Unweighted Acc: 0.5555555556
2025-05-19 04:23:37,742 - utils.logger2025-05-19-04.23.25 - INFO - Confusion Matrix:
[[15  0]
 [12  0]]
2025-05-19 04:23:41,671 - utils.logger2025-05-19-04.23.25 - INFO - Epoch 3/10, Avg Loss: 0.6987856905, Weighted F1: 0.3968253968, Unweighted F1: 0.3571428571, Weighted Acc: 0.5000000042, Unweighted Acc: 0.5555555556
2025-05-19 04:23:41,671 - utils.logger2025-05-19-04.23.25 - INFO - Confusion Matrix:
[[15  0]
 [12  0]]
2025-05-19 04:23:45,557 - utils.logger2025-05-19-04.23.25 - INFO - Epoch 4/10, Avg Loss: 0.6993956069, Weighted F1: 0.3968253968, Unweighted F1: 0.3571428571, Weighted Acc: 0.5000000042, Unweighted Acc: 0.5555555556
2025-05-19 04:23:45,557 - utils.logger2025-05-19-04.23.25 - INFO - Confusion Matrix:
[[15  0]
 [12  0]]
2025-05-19 04:23:49,341 - utils.logger2025-05-19-04.23.25 - INFO - Epoch 5/10, Avg Loss: 0.6947084546, Weighted F1: 0.3968253968, Unweighted F1: 0.3571428571, Weighted Acc: 0.5000000042, Unweighted Acc: 0.5555555556
2025-05-19 04:23:49,341 - utils.logger2025-05-19-04.23.25 - INFO - Confusion Matrix:
[[15  0]
 [12  0]]
2025-05-19 04:23:53,240 - utils.logger2025-05-19-04.23.25 - INFO - Epoch 6/10, Avg Loss: 0.6961683273, Weighted F1: 0.3968253968, Unweighted F1: 0.3571428571, Weighted Acc: 0.5000000042, Unweighted Acc: 0.5555555556
2025-05-19 04:23:53,241 - utils.logger2025-05-19-04.23.25 - INFO - Confusion Matrix:
[[15  0]
 [12  0]]
2025-05-19 04:23:57,234 - utils.logger2025-05-19-04.23.25 - INFO - Epoch 7/10, Avg Loss: 0.6936567903, Weighted F1: 0.3418803419, Unweighted F1: 0.3076923077, Weighted Acc: 0.4000000033, Unweighted Acc: 0.4444444444
2025-05-19 04:23:57,235 - utils.logger2025-05-19-04.23.25 - INFO - Confusion Matrix:
[[12  3]
 [12  0]]
2025-05-19 04:24:01,196 - utils.logger2025-05-19-04.23.25 - INFO - Epoch 8/10, Avg Loss: 0.6975338022, Weighted F1: 0.3968253968, Unweighted F1: 0.3571428571, Weighted Acc: 0.5000000042, Unweighted Acc: 0.5555555556
2025-05-19 04:24:01,197 - utils.logger2025-05-19-04.23.25 - INFO - Confusion Matrix:
[[15  0]
 [12  0]]
2025-05-19 04:24:05,145 - utils.logger2025-05-19-04.23.25 - INFO - Epoch 9/10, Avg Loss: 0.6942636470, Weighted F1: 0.3968253968, Unweighted F1: 0.3571428571, Weighted Acc: 0.5000000042, Unweighted Acc: 0.5555555556
2025-05-19 04:24:05,146 - utils.logger2025-05-19-04.23.25 - INFO - Confusion Matrix:
[[15  0]
 [12  0]]
2025-05-19 04:24:09,114 - utils.logger2025-05-19-04.23.25 - INFO - Epoch 10/10, Avg Loss: 0.6960227410, Weighted F1: 0.3968253968, Unweighted F1: 0.3571428571, Weighted Acc: 0.5000000042, Unweighted Acc: 0.5555555556
2025-05-19 04:24:09,114 - utils.logger2025-05-19-04.23.25 - INFO - Confusion Matrix:
[[15  0]
 [12  0]]
2025-05-19 04:24:09,114 - utils.logger2025-05-19-04.23.25 - INFO - Training complete. Random seed: 3407. Best epoch: 1.
2025-05-19 04:24:09,114 - utils.logger2025-05-19-04.23.25 - INFO - Best Weighted F1: 0.3968, Best Unweighted F1: 0.3571, Best Weighted Acc: 0.5000, Best Unweighted Acc: 0.5556.
2025-05-19 04:24:09,114 - utils.logger2025-05-19-04.23.25 - INFO - Confusion Matrix:
[[15  0]
 [12  0]]
