2025-05-19 07:53:39,361 - utils.logger2025-05-19-07.53.35 - INFO - splitwindow_time=1s, audiofeature_method=wav2vec, videofeature_method=openface
2025-05-19 07:53:39,362 - utils.logger2025-05-19-07.53.35 - INFO - batch_size=16, num_epochs=10, labels=2, feature_max_len=25, lr=6e-05
2025-05-19 07:53:39,362 - utils.logger2025-05-19-07.53.35 - INFO - Using random seed: 3407
2025-05-19 07:53:39,362 - utils.logger2025-05-19-07.53.35 - INFO - personalized features used：/root/MPDD-Young/Training/individualEmbedding/descriptions_embeddings_with_ids.npy
2025-05-19 07:53:39,597 - utils.logger2025-05-19-07.53.35 - INFO - The number of training samples = 237
2025-05-19 07:53:39,598 - utils.logger2025-05-19-07.53.35 - INFO - The number of val samples = 27
2025-05-19 07:53:40,889 - utils.logger2025-05-19-07.53.35 - INFO - Epoch 1/10, Avg Loss: 0.6999469837, Weighted F1: 0.2735042735, Unweighted F1: 0.3076923077, Weighted Acc: 0.4999999958, Unweighted Acc: 0.4444444444
2025-05-19 07:53:40,889 - utils.logger2025-05-19-07.53.35 - INFO - Confusion Matrix:
[[ 0 15]
 [ 0 12]]
2025-05-19 07:53:41,854 - utils.logger2025-05-19-07.53.35 - INFO - Epoch 2/10, Avg Loss: 0.6918294589, Weighted F1: 0.5472531355, Unweighted F1: 0.5278219396, Weighted Acc: 0.5583333359, Unweighted Acc: 0.5925925926
2025-05-19 07:53:41,855 - utils.logger2025-05-19-07.53.35 - INFO - Confusion Matrix:
[[13  2]
 [ 9  3]]
2025-05-19 07:53:43,117 - utils.logger2025-05-19-07.53.35 - INFO - Epoch 3/10, Avg Loss: 0.6673955798, Weighted F1: 0.5925925926, Unweighted F1: 0.5925925926, Weighted Acc: 0.5999999994, Unweighted Acc: 0.5925925926
2025-05-19 07:53:43,117 - utils.logger2025-05-19-07.53.35 - INFO - Confusion Matrix:
[[8 7]
 [4 8]]
2025-05-19 07:53:44,140 - utils.logger2025-05-19-07.53.35 - INFO - Epoch 4/10, Avg Loss: 0.6210070292, Weighted F1: 0.5937164751, Unweighted F1: 0.5903448276, Weighted Acc: 0.5916666667, Unweighted Acc: 0.5925925926
2025-05-19 07:53:44,140 - utils.logger2025-05-19-07.53.35 - INFO - Confusion Matrix:
[[9 6]
 [5 7]]
2025-05-19 07:53:45,151 - utils.logger2025-05-19-07.53.35 - INFO - Epoch 5/10, Avg Loss: 0.5904592951, Weighted F1: 0.5925925926, Unweighted F1: 0.5925925926, Weighted Acc: 0.5999999994, Unweighted Acc: 0.5925925926
2025-05-19 07:53:45,151 - utils.logger2025-05-19-07.53.35 - INFO - Confusion Matrix:
[[8 7]
 [4 8]]
2025-05-19 07:53:46,010 - utils.logger2025-05-19-07.53.35 - INFO - Epoch 6/10, Avg Loss: 0.5713718593, Weighted F1: 0.5567765568, Unweighted F1: 0.5549450549, Weighted Acc: 0.5583333331, Unweighted Acc: 0.5555555556
2025-05-19 07:53:46,010 - utils.logger2025-05-19-07.53.35 - INFO - Confusion Matrix:
[[8 7]
 [5 7]]
2025-05-19 07:53:46,901 - utils.logger2025-05-19-07.53.35 - INFO - Epoch 7/10, Avg Loss: 0.5496357421, Weighted F1: 0.6994949495, Unweighted F1: 0.6931818182, Weighted Acc: 0.6916666676, Unweighted Acc: 0.7037037037
2025-05-19 07:53:46,901 - utils.logger2025-05-19-07.53.35 - INFO - Confusion Matrix:
[[12  3]
 [ 5  7]]
2025-05-19 07:53:48,023 - utils.logger2025-05-19-07.53.35 - INFO - Epoch 8/10, Avg Loss: 0.5130248427, Weighted F1: 0.6243686869, Unweighted F1: 0.6164772727, Weighted Acc: 0.6166666676, Unweighted Acc: 0.6296296296
2025-05-19 07:53:48,023 - utils.logger2025-05-19-07.53.35 - INFO - Confusion Matrix:
[[11  4]
 [ 6  6]]
2025-05-19 07:53:48,870 - utils.logger2025-05-19-07.53.35 - INFO - Epoch 9/10, Avg Loss: 0.5535373747, Weighted F1: 0.6994949495, Unweighted F1: 0.6931818182, Weighted Acc: 0.6916666676, Unweighted Acc: 0.7037037037
2025-05-19 07:53:48,870 - utils.logger2025-05-19-07.53.35 - INFO - Confusion Matrix:
[[12  3]
 [ 5  7]]
2025-05-19 07:53:49,747 - utils.logger2025-05-19-07.53.35 - INFO - Epoch 10/10, Avg Loss: 0.4995487730, Weighted F1: 0.5925925926, Unweighted F1: 0.5925925926, Weighted Acc: 0.5999999994, Unweighted Acc: 0.5925925926
2025-05-19 07:53:49,748 - utils.logger2025-05-19-07.53.35 - INFO - Confusion Matrix:
[[8 7]
 [4 8]]
2025-05-19 07:53:49,748 - utils.logger2025-05-19-07.53.35 - INFO - Training complete. Random seed: 3407. Best epoch: 7.
2025-05-19 07:53:49,748 - utils.logger2025-05-19-07.53.35 - INFO - Best Weighted F1: 0.6995, Best Unweighted F1: 0.6932, Best Weighted Acc: 0.6917, Best Unweighted Acc: 0.7037.
2025-05-19 07:53:49,748 - utils.logger2025-05-19-07.53.35 - INFO - Confusion Matrix:
[[12  3]
 [ 5  7]]
