2025-05-19 03:36:14,769 - utils.logger2025-05-19-03.36.11 - INFO - splitwindow_time=1s, audiofeature_method=wav2vec, videofeature_method=openface
2025-05-19 03:36:14,769 - utils.logger2025-05-19-03.36.11 - INFO - batch_size=16, num_epochs=10, labels=2, feature_max_len=25, lr=6e-05
2025-05-19 03:36:14,770 - utils.logger2025-05-19-03.36.11 - INFO - Using random seed: 3407
2025-05-19 03:36:14,770 - utils.logger2025-05-19-03.36.11 - INFO - personalized features used：/root/MPDD-Young/Training/individualEmbedding/descriptions_embeddings_with_ids.npy
2025-05-19 03:36:15,006 - utils.logger2025-05-19-03.36.11 - INFO - The number of training samples = 237
2025-05-19 03:36:15,006 - utils.logger2025-05-19-03.36.11 - INFO - The number of val samples = 27
2025-05-19 03:36:17,484 - utils.logger2025-05-19-03.36.11 - INFO - Epoch 1/10, Avg Loss: 0.6961056948, Weighted F1: 0.3968253968, Unweighted F1: 0.3571428571, Weighted Acc: 0.5000000042, Unweighted Acc: 0.5555555556
2025-05-19 03:36:17,484 - utils.logger2025-05-19-03.36.11 - INFO - Confusion Matrix:
[[15  0]
 [12  0]]
2025-05-19 03:36:19,702 - utils.logger2025-05-19-03.36.11 - INFO - Epoch 2/10, Avg Loss: 0.6939795335, Weighted F1: 0.7340067340, Unweighted F1: 0.7272727273, Weighted Acc: 0.7250000012, Unweighted Acc: 0.7407407407
2025-05-19 03:36:19,702 - utils.logger2025-05-19-03.36.11 - INFO - Confusion Matrix:
[[13  2]
 [ 5  7]]
2025-05-19 03:36:22,294 - utils.logger2025-05-19-03.36.11 - INFO - Epoch 3/10, Avg Loss: 0.6926972985, Weighted F1: 0.3968253968, Unweighted F1: 0.3571428571, Weighted Acc: 0.5000000042, Unweighted Acc: 0.5555555556
2025-05-19 03:36:22,294 - utils.logger2025-05-19-03.36.11 - INFO - Confusion Matrix:
[[15  0]
 [12  0]]
2025-05-19 03:36:24,476 - utils.logger2025-05-19-03.36.11 - INFO - Epoch 4/10, Avg Loss: 0.6918482661, Weighted F1: 0.3968253968, Unweighted F1: 0.3571428571, Weighted Acc: 0.5000000042, Unweighted Acc: 0.5555555556
2025-05-19 03:36:24,477 - utils.logger2025-05-19-03.36.11 - INFO - Confusion Matrix:
[[15  0]
 [12  0]]
2025-05-19 03:36:26,608 - utils.logger2025-05-19-03.36.11 - INFO - Epoch 5/10, Avg Loss: 0.6937303782, Weighted F1: 0.3968253968, Unweighted F1: 0.3571428571, Weighted Acc: 0.5000000042, Unweighted Acc: 0.5555555556
2025-05-19 03:36:26,608 - utils.logger2025-05-19-03.36.11 - INFO - Confusion Matrix:
[[15  0]
 [12  0]]
2025-05-19 03:36:28,775 - utils.logger2025-05-19-03.36.11 - INFO - Epoch 6/10, Avg Loss: 0.6965040406, Weighted F1: 0.3968253968, Unweighted F1: 0.3571428571, Weighted Acc: 0.5000000042, Unweighted Acc: 0.5555555556
2025-05-19 03:36:28,775 - utils.logger2025-05-19-03.36.11 - INFO - Confusion Matrix:
[[15  0]
 [12  0]]
2025-05-19 03:36:30,906 - utils.logger2025-05-19-03.36.11 - INFO - Epoch 7/10, Avg Loss: 0.6915011446, Weighted F1: 0.3968253968, Unweighted F1: 0.3571428571, Weighted Acc: 0.5000000042, Unweighted Acc: 0.5555555556
2025-05-19 03:36:30,906 - utils.logger2025-05-19-03.36.11 - INFO - Confusion Matrix:
[[15  0]
 [12  0]]
2025-05-19 03:36:33,028 - utils.logger2025-05-19-03.36.11 - INFO - Epoch 8/10, Avg Loss: 0.6930406928, Weighted F1: 0.3968253968, Unweighted F1: 0.3571428571, Weighted Acc: 0.5000000042, Unweighted Acc: 0.5555555556
2025-05-19 03:36:33,028 - utils.logger2025-05-19-03.36.11 - INFO - Confusion Matrix:
[[15  0]
 [12  0]]
2025-05-19 03:36:35,188 - utils.logger2025-05-19-03.36.11 - INFO - Epoch 9/10, Avg Loss: 0.6936632832, Weighted F1: 0.3968253968, Unweighted F1: 0.3571428571, Weighted Acc: 0.5000000042, Unweighted Acc: 0.5555555556
2025-05-19 03:36:35,188 - utils.logger2025-05-19-03.36.11 - INFO - Confusion Matrix:
[[15  0]
 [12  0]]
2025-05-19 03:36:37,344 - utils.logger2025-05-19-03.36.11 - INFO - Epoch 10/10, Avg Loss: 0.6913222313, Weighted F1: 0.3968253968, Unweighted F1: 0.3571428571, Weighted Acc: 0.5000000042, Unweighted Acc: 0.5555555556
2025-05-19 03:36:37,344 - utils.logger2025-05-19-03.36.11 - INFO - Confusion Matrix:
[[15  0]
 [12  0]]
2025-05-19 03:36:37,344 - utils.logger2025-05-19-03.36.11 - INFO - Training complete. Random seed: 3407. Best epoch: 2.
2025-05-19 03:36:37,344 - utils.logger2025-05-19-03.36.11 - INFO - Best Weighted F1: 0.7340, Best Unweighted F1: 0.7273, Best Weighted Acc: 0.7250, Best Unweighted Acc: 0.7407.
2025-05-19 03:36:37,344 - utils.logger2025-05-19-03.36.11 - INFO - Confusion Matrix:
[[13  2]
 [ 5  7]]
