2025-05-17 08:41:29,202 - utils.logger2025-05-17-08.41.28 - INFO - splitwindow_time=1s, audiofeature_method=wav2vec, videofeature_method=openface
2025-05-17 08:41:29,202 - utils.logger2025-05-17-08.41.28 - INFO - batch_size=16, num_epochs=10, labels=2, feature_max_len=25, lr=0.01
2025-05-17 08:41:29,203 - utils.logger2025-05-17-08.41.28 - INFO - Using random seed: 3407
2025-05-17 08:41:29,203 - utils.logger2025-05-17-08.41.28 - INFO - personalized features used：/root/MPDD-Young/Training/individualEmbedding/descriptions_embeddings_with_ids.npy
2025-05-17 08:41:32,137 - utils.logger2025-05-17-08.41.28 - INFO - The number of training samples = 237
2025-05-17 08:41:32,138 - utils.logger2025-05-17-08.41.28 - INFO - The number of val samples = 27
2025-05-17 08:41:32,894 - utils.logger2025-05-17-08.41.28 - INFO - Epoch 1/10, Avg Loss: 2.7921916564, Weighted F1: 0.2735042735, Unweighted F1: 0.3076923077, Weighted Acc: 0.4999999958, Unweighted Acc: 0.4444444444
2025-05-17 08:41:32,895 - utils.logger2025-05-17-08.41.28 - INFO - Confusion Matrix:
[[ 0 15]
 [ 0 12]]
2025-05-17 08:41:33,212 - utils.logger2025-05-17-08.41.28 - INFO - Epoch 2/10, Avg Loss: 0.9008091529, Weighted F1: 0.3968253968, Unweighted F1: 0.3571428571, Weighted Acc: 0.5000000042, Unweighted Acc: 0.5555555556
2025-05-17 08:41:33,212 - utils.logger2025-05-17-08.41.28 - INFO - Confusion Matrix:
[[15  0]
 [12  0]]
2025-05-17 08:41:33,667 - utils.logger2025-05-17-08.41.28 - INFO - Epoch 3/10, Avg Loss: 0.7519062916, Weighted F1: 0.2735042735, Unweighted F1: 0.3076923077, Weighted Acc: 0.4999999958, Unweighted Acc: 0.4444444444
2025-05-17 08:41:33,667 - utils.logger2025-05-17-08.41.28 - INFO - Confusion Matrix:
[[ 0 15]
 [ 0 12]]
2025-05-17 08:41:33,993 - utils.logger2025-05-17-08.41.28 - INFO - Epoch 4/10, Avg Loss: 0.7190810959, Weighted F1: 0.2735042735, Unweighted F1: 0.3076923077, Weighted Acc: 0.4999999958, Unweighted Acc: 0.4444444444
2025-05-17 08:41:33,993 - utils.logger2025-05-17-08.41.28 - INFO - Confusion Matrix:
[[ 0 15]
 [ 0 12]]
2025-05-17 08:41:34,312 - utils.logger2025-05-17-08.41.28 - INFO - Epoch 5/10, Avg Loss: 0.7410377185, Weighted F1: 0.2735042735, Unweighted F1: 0.3076923077, Weighted Acc: 0.4999999958, Unweighted Acc: 0.4444444444
2025-05-17 08:41:34,312 - utils.logger2025-05-17-08.41.28 - INFO - Confusion Matrix:
[[ 0 15]
 [ 0 12]]
2025-05-17 08:41:34,625 - utils.logger2025-05-17-08.41.28 - INFO - Epoch 6/10, Avg Loss: 0.6998658339, Weighted F1: 0.2735042735, Unweighted F1: 0.3076923077, Weighted Acc: 0.4999999958, Unweighted Acc: 0.4444444444
2025-05-17 08:41:34,625 - utils.logger2025-05-17-08.41.28 - INFO - Confusion Matrix:
[[ 0 15]
 [ 0 12]]
2025-05-17 08:41:34,936 - utils.logger2025-05-17-08.41.28 - INFO - Epoch 7/10, Avg Loss: 0.7618322293, Weighted F1: 0.3968253968, Unweighted F1: 0.3571428571, Weighted Acc: 0.5000000042, Unweighted Acc: 0.5555555556
2025-05-17 08:41:34,936 - utils.logger2025-05-17-08.41.28 - INFO - Confusion Matrix:
[[15  0]
 [12  0]]
2025-05-17 08:41:35,230 - utils.logger2025-05-17-08.41.28 - INFO - Epoch 8/10, Avg Loss: 0.6995217323, Weighted F1: 0.3968253968, Unweighted F1: 0.3571428571, Weighted Acc: 0.5000000042, Unweighted Acc: 0.5555555556
2025-05-17 08:41:35,231 - utils.logger2025-05-17-08.41.28 - INFO - Confusion Matrix:
[[15  0]
 [12  0]]
2025-05-17 08:41:35,521 - utils.logger2025-05-17-08.41.28 - INFO - Epoch 9/10, Avg Loss: 0.7319281459, Weighted F1: 0.3968253968, Unweighted F1: 0.3571428571, Weighted Acc: 0.5000000042, Unweighted Acc: 0.5555555556
2025-05-17 08:41:35,521 - utils.logger2025-05-17-08.41.28 - INFO - Confusion Matrix:
[[15  0]
 [12  0]]
2025-05-17 08:41:35,800 - utils.logger2025-05-17-08.41.28 - INFO - Epoch 10/10, Avg Loss: 0.8139221986, Weighted F1: 0.3968253968, Unweighted F1: 0.3571428571, Weighted Acc: 0.5000000042, Unweighted Acc: 0.5555555556
2025-05-17 08:41:35,800 - utils.logger2025-05-17-08.41.28 - INFO - Confusion Matrix:
[[15  0]
 [12  0]]
2025-05-17 08:41:35,800 - utils.logger2025-05-17-08.41.28 - INFO - Training complete. Random seed: 3407. Best epoch: 2.
2025-05-17 08:41:35,800 - utils.logger2025-05-17-08.41.28 - INFO - Best Weighted F1: 0.3968, Best Unweighted F1: 0.3571, Best Weighted Acc: 0.5000, Best Unweighted Acc: 0.5556.
2025-05-17 08:41:35,801 - utils.logger2025-05-17-08.41.28 - INFO - Confusion Matrix:
[[15  0]
 [12  0]]
