2025-05-19 12:12:39,304 - utils.logger2025-05-19-12.12.38 - INFO - splitwindow_time=1s, audiofeature_method=wav2vec, videofeature_method=openface
2025-05-19 12:12:39,304 - utils.logger2025-05-19-12.12.38 - INFO - batch_size=16, num_epochs=1500, labels=2, feature_max_len=25, lr=6e-05
2025-05-19 12:12:39,305 - utils.logger2025-05-19-12.12.38 - INFO - Using random seed: 3407
2025-05-19 12:12:39,306 - utils.logger2025-05-19-12.12.38 - INFO - personalized features used：/root/MPDD-Young/Training/individualEmbedding/descriptions_embeddings_with_ids.npy
2025-05-19 12:12:39,680 - utils.logger2025-05-19-12.12.38 - INFO - The number of training samples = 237
2025-05-19 12:12:39,681 - utils.logger2025-05-19-12.12.38 - INFO - The number of val samples = 27
2025-05-19 12:12:42,425 - utils.logger2025-05-19-12.12.38 - INFO - Epoch 1/1500, Avg Loss: 0.6908985376, Weighted F1: 0.6296296296, Unweighted F1: 0.6250000000, Weighted Acc: 0.6250000003, Unweighted Acc: 0.6296296296
2025-05-19 12:12:42,426 - utils.logger2025-05-19-12.12.38 - INFO - Confusion Matrix:
[[10  5]
 [ 5  7]]
2025-05-19 12:12:44,808 - utils.logger2025-05-19-12.12.38 - INFO - Epoch 2/1500, Avg Loss: 0.7028182507, Weighted F1: 0.2735042735, Unweighted F1: 0.3076923077, Weighted Acc: 0.4999999958, Unweighted Acc: 0.4444444444
2025-05-19 12:12:44,808 - utils.logger2025-05-19-12.12.38 - INFO - Confusion Matrix:
[[ 0 15]
 [ 0 12]]
2025-05-19 12:12:47,102 - utils.logger2025-05-19-12.12.38 - INFO - Epoch 3/1500, Avg Loss: 0.7038148165, Weighted F1: 0.3968253968, Unweighted F1: 0.3571428571, Weighted Acc: 0.5000000042, Unweighted Acc: 0.5555555556
2025-05-19 12:12:47,103 - utils.logger2025-05-19-12.12.38 - INFO - Confusion Matrix:
[[15  0]
 [12  0]]
2025-05-19 12:12:48,924 - utils.logger2025-05-19-12.12.38 - INFO - Epoch 4/1500, Avg Loss: 0.7111089269, Weighted F1: 0.2735042735, Unweighted F1: 0.3076923077, Weighted Acc: 0.4999999958, Unweighted Acc: 0.4444444444
2025-05-19 12:12:48,928 - utils.logger2025-05-19-12.12.38 - INFO - Confusion Matrix:
[[ 0 15]
 [ 0 12]]
2025-05-19 12:12:50,938 - utils.logger2025-05-19-12.12.38 - INFO - Epoch 5/1500, Avg Loss: 0.6975750089, Weighted F1: 0.3794037940, Unweighted F1: 0.3414634146, Weighted Acc: 0.4666666706, Unweighted Acc: 0.5185185185
2025-05-19 12:12:50,938 - utils.logger2025-05-19-12.12.38 - INFO - Confusion Matrix:
[[14  1]
 [12  0]]
2025-05-19 12:12:53,109 - utils.logger2025-05-19-12.12.38 - INFO - Epoch 6/1500, Avg Loss: 0.6989672263, Weighted F1: 0.3611111111, Unweighted F1: 0.3250000000, Weighted Acc: 0.4333333369, Unweighted Acc: 0.4814814815
2025-05-19 12:12:53,109 - utils.logger2025-05-19-12.12.38 - INFO - Confusion Matrix:
[[13  2]
 [12  0]]
2025-05-19 12:12:55,241 - utils.logger2025-05-19-12.12.38 - INFO - Epoch 7/1500, Avg Loss: 0.7136851589, Weighted F1: 0.2573099415, Unweighted F1: 0.2894736842, Weighted Acc: 0.4583333295, Unweighted Acc: 0.4074074074
2025-05-19 12:12:55,242 - utils.logger2025-05-19-12.12.38 - INFO - Confusion Matrix:
[[ 0 15]
 [ 1 11]]
2025-05-19 12:12:56,944 - utils.logger2025-05-19-12.12.38 - INFO - Epoch 8/1500, Avg Loss: 0.6959619403, Weighted F1: 0.3968253968, Unweighted F1: 0.3571428571, Weighted Acc: 0.5000000042, Unweighted Acc: 0.5555555556
2025-05-19 12:12:56,944 - utils.logger2025-05-19-12.12.38 - INFO - Confusion Matrix:
[[15  0]
 [12  0]]
2025-05-19 12:12:59,213 - utils.logger2025-05-19-12.12.38 - INFO - Epoch 9/1500, Avg Loss: 0.6933360497, Weighted F1: 0.2735042735, Unweighted F1: 0.3076923077, Weighted Acc: 0.4999999958, Unweighted Acc: 0.4444444444
2025-05-19 12:12:59,214 - utils.logger2025-05-19-12.12.38 - INFO - Confusion Matrix:
[[ 0 15]
 [ 0 12]]
2025-05-19 12:13:01,253 - utils.logger2025-05-19-12.12.38 - INFO - Epoch 10/1500, Avg Loss: 0.7013454556, Weighted F1: 0.2735042735, Unweighted F1: 0.3076923077, Weighted Acc: 0.4999999958, Unweighted Acc: 0.4444444444
2025-05-19 12:13:01,254 - utils.logger2025-05-19-12.12.38 - INFO - Confusion Matrix:
[[ 0 15]
 [ 0 12]]
2025-05-19 12:13:03,033 - utils.logger2025-05-19-12.12.38 - INFO - Epoch 11/1500, Avg Loss: 0.7024089098, Weighted F1: 0.3968253968, Unweighted F1: 0.3571428571, Weighted Acc: 0.5000000042, Unweighted Acc: 0.5555555556
2025-05-19 12:13:03,033 - utils.logger2025-05-19-12.12.38 - INFO - Confusion Matrix:
[[15  0]
 [12  0]]
2025-05-19 12:13:04,668 - utils.logger2025-05-19-12.12.38 - INFO - Epoch 12/1500, Avg Loss: 0.7003639738, Weighted F1: 0.2735042735, Unweighted F1: 0.3076923077, Weighted Acc: 0.4999999958, Unweighted Acc: 0.4444444444
2025-05-19 12:13:04,669 - utils.logger2025-05-19-12.12.38 - INFO - Confusion Matrix:
[[ 0 15]
 [ 0 12]]
2025-05-19 12:13:06,850 - utils.logger2025-05-19-12.12.38 - INFO - Epoch 13/1500, Avg Loss: 0.7019975940, Weighted F1: 0.2735042735, Unweighted F1: 0.3076923077, Weighted Acc: 0.4999999958, Unweighted Acc: 0.4444444444
2025-05-19 12:13:06,851 - utils.logger2025-05-19-12.12.38 - INFO - Confusion Matrix:
[[ 0 15]
 [ 0 12]]
2025-05-19 12:13:09,091 - utils.logger2025-05-19-12.12.38 - INFO - Epoch 14/1500, Avg Loss: 0.6930253386, Weighted F1: 0.3703703704, Unweighted F1: 0.3703703704, Weighted Acc: 0.3749999997, Unweighted Acc: 0.3703703704
2025-05-19 12:13:09,092 - utils.logger2025-05-19-12.12.38 - INFO - Confusion Matrix:
[[ 5 10]
 [ 7  5]]
2025-05-19 12:13:10,942 - utils.logger2025-05-19-12.12.38 - INFO - Epoch 15/1500, Avg Loss: 0.7056516687, Weighted F1: 0.3968253968, Unweighted F1: 0.3571428571, Weighted Acc: 0.5000000042, Unweighted Acc: 0.5555555556
2025-05-19 12:13:10,943 - utils.logger2025-05-19-12.12.38 - INFO - Confusion Matrix:
[[15  0]
 [12  0]]
2025-05-19 12:13:13,165 - utils.logger2025-05-19-12.12.38 - INFO - Epoch 16/1500, Avg Loss: 0.6865966439, Weighted F1: 0.2735042735, Unweighted F1: 0.3076923077, Weighted Acc: 0.4999999958, Unweighted Acc: 0.4444444444
2025-05-19 12:13:13,165 - utils.logger2025-05-19-12.12.38 - INFO - Confusion Matrix:
[[ 0 15]
 [ 0 12]]
2025-05-19 12:13:15,003 - utils.logger2025-05-19-12.12.38 - INFO - Epoch 17/1500, Avg Loss: 0.6850272854, Weighted F1: 0.4523809524, Unweighted F1: 0.4214285714, Weighted Acc: 0.5083333369, Unweighted Acc: 0.5555555556
2025-05-19 12:13:15,003 - utils.logger2025-05-19-12.12.38 - INFO - Confusion Matrix:
[[14  1]
 [11  1]]
2025-05-19 12:13:17,113 - utils.logger2025-05-19-12.12.38 - INFO - Epoch 18/1500, Avg Loss: 0.6905673385, Weighted F1: 0.4281045752, Unweighted F1: 0.4441176471, Weighted Acc: 0.5166666640, Unweighted Acc: 0.4814814815
2025-05-19 12:13:17,113 - utils.logger2025-05-19-12.12.38 - INFO - Confusion Matrix:
[[ 3 12]
 [ 2 10]]
2025-05-19 12:13:19,131 - utils.logger2025-05-19-12.12.38 - INFO - Epoch 19/1500, Avg Loss: 0.6728594025, Weighted F1: 0.4523809524, Unweighted F1: 0.4214285714, Weighted Acc: 0.5083333369, Unweighted Acc: 0.5555555556
2025-05-19 12:13:19,132 - utils.logger2025-05-19-12.12.38 - INFO - Confusion Matrix:
[[14  1]
 [11  1]]
2025-05-19 12:13:21,007 - utils.logger2025-05-19-12.12.38 - INFO - Epoch 20/1500, Avg Loss: 0.6955163399, Weighted F1: 0.4011544012, Unweighted F1: 0.4155844156, Weighted Acc: 0.4749999977, Unweighted Acc: 0.4444444444
2025-05-19 12:13:21,008 - utils.logger2025-05-19-12.12.38 - INFO - Confusion Matrix:
[[ 3 12]
 [ 3  9]]
2025-05-19 12:13:22,856 - utils.logger2025-05-19-12.12.38 - INFO - Epoch 21/1500, Avg Loss: 0.6624187191, Weighted F1: 0.3968253968, Unweighted F1: 0.3571428571, Weighted Acc: 0.5000000042, Unweighted Acc: 0.5555555556
2025-05-19 12:13:22,859 - utils.logger2025-05-19-12.12.38 - INFO - Confusion Matrix:
[[15  0]
 [12  0]]
2025-05-19 12:13:24,931 - utils.logger2025-05-19-12.12.38 - INFO - Epoch 22/1500, Avg Loss: 0.6918704192, Weighted F1: 0.5158173601, Unweighted F1: 0.5077138850, Weighted Acc: 0.5083333341, Unweighted Acc: 0.5185185185
2025-05-19 12:13:24,933 - utils.logger2025-05-19-12.12.38 - INFO - Confusion Matrix:
[[9 6]
 [7 5]]
2025-05-19 12:13:26,971 - utils.logger2025-05-19-12.12.38 - INFO - Epoch 23/1500, Avg Loss: 0.6632387082, Weighted F1: 0.4895572264, Unweighted F1: 0.4721804511, Weighted Acc: 0.4916666687, Unweighted Acc: 0.5185185185
2025-05-19 12:13:26,972 - utils.logger2025-05-19-12.12.38 - INFO - Confusion Matrix:
[[11  4]
 [ 9  3]]
2025-05-19 12:13:29,053 - utils.logger2025-05-19-12.12.38 - INFO - Epoch 24/1500, Avg Loss: 0.6661521276, Weighted F1: 0.5492424242, Unweighted F1: 0.5397727273, Weighted Acc: 0.5416666677, Unweighted Acc: 0.5555555556
2025-05-19 12:13:29,053 - utils.logger2025-05-19-12.12.38 - INFO - Confusion Matrix:
[[10  5]
 [ 7  5]]
2025-05-19 12:13:31,034 - utils.logger2025-05-19-12.12.38 - INFO - Epoch 25/1500, Avg Loss: 0.6438668410, Weighted F1: 0.5555555556, Unweighted F1: 0.5500000000, Weighted Acc: 0.5500000004, Unweighted Acc: 0.5555555556
2025-05-19 12:13:31,035 - utils.logger2025-05-19-12.12.38 - INFO - Confusion Matrix:
[[9 6]
 [6 6]]
2025-05-19 12:13:33,214 - utils.logger2025-05-19-12.12.38 - INFO - Epoch 26/1500, Avg Loss: 0.6611671766, Weighted F1: 0.4649355238, Unweighted F1: 0.4419713831, Weighted Acc: 0.4833333360, Unweighted Acc: 0.5185185185
2025-05-19 12:13:33,214 - utils.logger2025-05-19-12.12.38 - INFO - Confusion Matrix:
[[12  3]
 [10  2]]
2025-05-19 12:13:35,494 - utils.logger2025-05-19-12.12.38 - INFO - Epoch 27/1500, Avg Loss: 0.6667144457, Weighted F1: 0.4912280702, Unweighted F1: 0.4671052632, Weighted Acc: 0.5166666696, Unweighted Acc: 0.5555555556
2025-05-19 12:13:35,494 - utils.logger2025-05-19-12.12.38 - INFO - Confusion Matrix:
[[13  2]
 [10  2]]
2025-05-19 12:13:37,255 - utils.logger2025-05-19-12.12.38 - INFO - Epoch 28/1500, Avg Loss: 0.6249084791, Weighted F1: 0.4895572264, Unweighted F1: 0.4721804511, Weighted Acc: 0.4916666687, Unweighted Acc: 0.5185185185
2025-05-19 12:13:37,256 - utils.logger2025-05-19-12.12.38 - INFO - Confusion Matrix:
[[11  4]
 [ 9  3]]
2025-05-19 12:13:39,074 - utils.logger2025-05-19-12.12.38 - INFO - Epoch 29/1500, Avg Loss: 0.6726261298, Weighted F1: 0.5198467433, Unweighted F1: 0.5158620690, Weighted Acc: 0.5166666668, Unweighted Acc: 0.5185185185
2025-05-19 12:13:39,074 - utils.logger2025-05-19-12.12.38 - INFO - Confusion Matrix:
[[8 7]
 [6 6]]
2025-05-19 12:13:41,220 - utils.logger2025-05-19-12.12.38 - INFO - Epoch 30/1500, Avg Loss: 0.6641358137, Weighted F1: 0.4296296296, Unweighted F1: 0.4000000000, Weighted Acc: 0.4750000033, Unweighted Acc: 0.5185185185
2025-05-19 12:13:41,221 - utils.logger2025-05-19-12.12.38 - INFO - Confusion Matrix:
[[13  2]
 [11  1]]
2025-05-19 12:13:43,383 - utils.logger2025-05-19-12.12.38 - INFO - Epoch 31/1500, Avg Loss: 0.6533416192, Weighted F1: 0.5060125060, Unweighted F1: 0.4935064935, Weighted Acc: 0.5000000014, Unweighted Acc: 0.5185185185
2025-05-19 12:13:43,383 - utils.logger2025-05-19-12.12.38 - INFO - Confusion Matrix:
[[10  5]
 [ 8  4]]
2025-05-19 12:13:45,107 - utils.logger2025-05-19-12.12.38 - INFO - Epoch 32/1500, Avg Loss: 0.7052798549, Weighted F1: 0.2735042735, Unweighted F1: 0.3076923077, Weighted Acc: 0.4999999958, Unweighted Acc: 0.4444444444
2025-05-19 12:13:45,108 - utils.logger2025-05-19-12.12.38 - INFO - Confusion Matrix:
[[ 0 15]
 [ 0 12]]
2025-05-19 12:13:47,331 - utils.logger2025-05-19-12.12.38 - INFO - Epoch 33/1500, Avg Loss: 0.6932526429, Weighted F1: 0.3968253968, Unweighted F1: 0.3571428571, Weighted Acc: 0.5000000042, Unweighted Acc: 0.5555555556
2025-05-19 12:13:47,332 - utils.logger2025-05-19-12.12.38 - INFO - Confusion Matrix:
[[15  0]
 [12  0]]
2025-05-19 12:13:49,369 - utils.logger2025-05-19-12.12.38 - INFO - Epoch 34/1500, Avg Loss: 0.7008606911, Weighted F1: 0.3737373737, Unweighted F1: 0.3863636364, Weighted Acc: 0.4333333314, Unweighted Acc: 0.4074074074
2025-05-19 12:13:49,370 - utils.logger2025-05-19-12.12.38 - INFO - Confusion Matrix:
[[ 3 12]
 [ 4  8]]
2025-05-19 12:13:50,926 - utils.logger2025-05-19-12.12.38 - INFO - Epoch 35/1500, Avg Loss: 0.6998969316, Weighted F1: 0.2735042735, Unweighted F1: 0.3076923077, Weighted Acc: 0.4999999958, Unweighted Acc: 0.4444444444
2025-05-19 12:13:50,926 - utils.logger2025-05-19-12.12.38 - INFO - Confusion Matrix:
[[ 0 15]
 [ 0 12]]
2025-05-19 12:13:52,958 - utils.logger2025-05-19-12.12.38 - INFO - Epoch 36/1500, Avg Loss: 0.7020123998, Weighted F1: 0.3968253968, Unweighted F1: 0.3571428571, Weighted Acc: 0.5000000042, Unweighted Acc: 0.5555555556
2025-05-19 12:13:52,959 - utils.logger2025-05-19-12.12.38 - INFO - Confusion Matrix:
[[15  0]
 [12  0]]
2025-05-19 12:13:54,788 - utils.logger2025-05-19-12.12.38 - INFO - Epoch 37/1500, Avg Loss: 0.7143068314, Weighted F1: 0.2735042735, Unweighted F1: 0.3076923077, Weighted Acc: 0.4999999958, Unweighted Acc: 0.4444444444
2025-05-19 12:13:54,788 - utils.logger2025-05-19-12.12.38 - INFO - Confusion Matrix:
[[ 0 15]
 [ 0 12]]
2025-05-19 12:13:56,724 - utils.logger2025-05-19-12.12.38 - INFO - Epoch 38/1500, Avg Loss: 0.6989951571, Weighted F1: 0.2539682540, Unweighted F1: 0.2285714286, Weighted Acc: 0.2666666689, Unweighted Acc: 0.2962962963
2025-05-19 12:13:56,725 - utils.logger2025-05-19-12.12.38 - INFO - Confusion Matrix:
[[ 8  7]
 [12  0]]
2025-05-19 12:13:58,947 - utils.logger2025-05-19-12.12.38 - INFO - Epoch 39/1500, Avg Loss: 0.6878473123, Weighted F1: 0.2735042735, Unweighted F1: 0.3076923077, Weighted Acc: 0.4999999958, Unweighted Acc: 0.4444444444
2025-05-19 12:13:58,947 - utils.logger2025-05-19-12.12.38 - INFO - Confusion Matrix:
[[ 0 15]
 [ 0 12]]
2025-05-19 12:14:01,250 - utils.logger2025-05-19-12.12.38 - INFO - Epoch 40/1500, Avg Loss: 0.6945680380, Weighted F1: 0.3968253968, Unweighted F1: 0.3571428571, Weighted Acc: 0.5000000042, Unweighted Acc: 0.5555555556
2025-05-19 12:14:01,251 - utils.logger2025-05-19-12.12.38 - INFO - Confusion Matrix:
[[15  0]
 [12  0]]
