2025-05-19 05:36:05,217 - utils.logger2025-05-19-05.36.01 - INFO - splitwindow_time=1s, audiofeature_method=wav2vec, videofeature_method=openface
2025-05-19 05:36:05,217 - utils.logger2025-05-19-05.36.01 - INFO - batch_size=16, num_epochs=10, labels=2, feature_max_len=25, lr=6e-05
2025-05-19 05:36:05,218 - utils.logger2025-05-19-05.36.01 - INFO - Using random seed: 3507
2025-05-19 05:36:05,218 - utils.logger2025-05-19-05.36.01 - INFO - personalized features used：/root/MPDD-Young/Training/individualEmbedding/descriptions_embeddings_with_ids.npy
2025-05-19 05:36:05,461 - utils.logger2025-05-19-05.36.01 - INFO - The number of training samples = 237
2025-05-19 05:36:05,461 - utils.logger2025-05-19-05.36.01 - INFO - The number of val samples = 27
2025-05-19 05:36:07,972 - utils.logger2025-05-19-05.36.01 - INFO - Epoch 1/10, Avg Loss: 0.6933741689, Weighted F1: 0.3968253968, Unweighted F1: 0.3571428571, Weighted Acc: 0.5000000042, Unweighted Acc: 0.5555555556
2025-05-19 05:36:07,972 - utils.logger2025-05-19-05.36.01 - INFO - Confusion Matrix:
[[15  0]
 [12  0]]
2025-05-19 05:36:10,106 - utils.logger2025-05-19-05.36.01 - INFO - Epoch 2/10, Avg Loss: 0.6911691149, Weighted F1: 0.6275946276, Unweighted F1: 0.6291208791, Weighted Acc: 0.6416666658, Unweighted Acc: 0.6296296296
2025-05-19 05:36:10,107 - utils.logger2025-05-19-05.36.01 - INFO - Confusion Matrix:
[[8 7]
 [3 9]]
2025-05-19 05:36:12,605 - utils.logger2025-05-19-05.36.01 - INFO - Epoch 3/10, Avg Loss: 0.6929750204, Weighted F1: 0.2735042735, Unweighted F1: 0.3076923077, Weighted Acc: 0.4999999958, Unweighted Acc: 0.4444444444
2025-05-19 05:36:12,606 - utils.logger2025-05-19-05.36.01 - INFO - Confusion Matrix:
[[ 0 15]
 [ 0 12]]
2025-05-19 05:36:14,663 - utils.logger2025-05-19-05.36.01 - INFO - Epoch 4/10, Avg Loss: 0.6954888026, Weighted F1: 0.3668380863, Unweighted F1: 0.3562412342, Weighted Acc: 0.3583333342, Unweighted Acc: 0.3703703704
2025-05-19 05:36:14,663 - utils.logger2025-05-19-05.36.01 - INFO - Confusion Matrix:
[[7 8]
 [9 3]]
2025-05-19 05:36:16,719 - utils.logger2025-05-19-05.36.01 - INFO - Epoch 5/10, Avg Loss: 0.6953442852, Weighted F1: 0.2735042735, Unweighted F1: 0.3076923077, Weighted Acc: 0.4999999958, Unweighted Acc: 0.4444444444
2025-05-19 05:36:16,719 - utils.logger2025-05-19-05.36.01 - INFO - Confusion Matrix:
[[ 0 15]
 [ 0 12]]
2025-05-19 05:36:18,762 - utils.logger2025-05-19-05.36.01 - INFO - Epoch 6/10, Avg Loss: 0.6951180577, Weighted F1: 0.3968253968, Unweighted F1: 0.3571428571, Weighted Acc: 0.5000000042, Unweighted Acc: 0.5555555556
2025-05-19 05:36:18,762 - utils.logger2025-05-19-05.36.01 - INFO - Confusion Matrix:
[[15  0]
 [12  0]]
2025-05-19 05:36:20,830 - utils.logger2025-05-19-05.36.01 - INFO - Epoch 7/10, Avg Loss: 0.6937213182, Weighted F1: 0.6275946276, Unweighted F1: 0.6291208791, Weighted Acc: 0.6416666658, Unweighted Acc: 0.6296296296
2025-05-19 05:36:20,830 - utils.logger2025-05-19-05.36.01 - INFO - Confusion Matrix:
[[8 7]
 [3 9]]
2025-05-19 05:36:22,950 - utils.logger2025-05-19-05.36.01 - INFO - Epoch 8/10, Avg Loss: 0.6924314141, Weighted F1: 0.6275946276, Unweighted F1: 0.6291208791, Weighted Acc: 0.6416666658, Unweighted Acc: 0.6296296296
2025-05-19 05:36:22,950 - utils.logger2025-05-19-05.36.01 - INFO - Confusion Matrix:
[[8 7]
 [3 9]]
2025-05-19 05:36:25,034 - utils.logger2025-05-19-05.36.01 - INFO - Epoch 9/10, Avg Loss: 0.6966367086, Weighted F1: 0.2735042735, Unweighted F1: 0.3076923077, Weighted Acc: 0.4999999958, Unweighted Acc: 0.4444444444
2025-05-19 05:36:25,035 - utils.logger2025-05-19-05.36.01 - INFO - Confusion Matrix:
[[ 0 15]
 [ 0 12]]
2025-05-19 05:36:27,084 - utils.logger2025-05-19-05.36.01 - INFO - Epoch 10/10, Avg Loss: 0.6938829144, Weighted F1: 0.3668380863, Unweighted F1: 0.3562412342, Weighted Acc: 0.3583333342, Unweighted Acc: 0.3703703704
2025-05-19 05:36:27,084 - utils.logger2025-05-19-05.36.01 - INFO - Confusion Matrix:
[[7 8]
 [9 3]]
2025-05-19 05:36:27,084 - utils.logger2025-05-19-05.36.01 - INFO - Training complete. Random seed: 3507. Best epoch: 2.
2025-05-19 05:36:27,084 - utils.logger2025-05-19-05.36.01 - INFO - Best Weighted F1: 0.6276, Best Unweighted F1: 0.6291, Best Weighted Acc: 0.6417, Best Unweighted Acc: 0.6296.
2025-05-19 05:36:27,084 - utils.logger2025-05-19-05.36.01 - INFO - Confusion Matrix:
[[8 7]
 [3 9]]
