2025-05-17 15:23:10,328 - utils.logger2025-05-17-15.23.09 - INFO - splitwindow_time=1s, audiofeature_method=wav2vec, videofeature_method=openface
2025-05-17 15:23:10,328 - utils.logger2025-05-17-15.23.09 - INFO - batch_size=16, num_epochs=500, labels=2, feature_max_len=25, lr=6e-05
2025-05-17 15:23:10,329 - utils.logger2025-05-17-15.23.09 - INFO - Using random seed: 3407
2025-05-17 15:23:10,329 - utils.logger2025-05-17-15.23.09 - INFO - personalized features used：/root/MPDD-Young/Training/individualEmbedding/descriptions_embeddings_with_ids.npy
2025-05-17 15:23:13,246 - utils.logger2025-05-17-15.23.09 - INFO - The number of training samples = 237
2025-05-17 15:23:13,246 - utils.logger2025-05-17-15.23.09 - INFO - The number of val samples = 27
2025-05-17 15:23:14,118 - utils.logger2025-05-17-15.23.09 - INFO - Epoch 1/500, Avg Loss: 0.7042605400, Weighted F1: 0.2735042735, Unweighted F1: 0.3076923077, Weighted Acc: 0.4999999958, Unweighted Acc: 0.4444444444
2025-05-17 15:23:14,118 - utils.logger2025-05-17-15.23.09 - INFO - Confusion Matrix:
[[ 0 15]
 [ 0 12]]
2025-05-17 15:23:14,587 - utils.logger2025-05-17-15.23.09 - INFO - Epoch 2/500, Avg Loss: 0.6981588403, Weighted F1: 0.5185185185, Unweighted F1: 0.5000000000, Weighted Acc: 0.5250000023, Unweighted Acc: 0.5555555556
2025-05-17 15:23:14,587 - utils.logger2025-05-17-15.23.09 - INFO - Confusion Matrix:
[[12  3]
 [ 9  3]]
2025-05-17 15:23:15,264 - utils.logger2025-05-17-15.23.09 - INFO - Epoch 3/500, Avg Loss: 0.7110277096, Weighted F1: 0.3968253968, Unweighted F1: 0.3571428571, Weighted Acc: 0.5000000042, Unweighted Acc: 0.5555555556
2025-05-17 15:23:15,265 - utils.logger2025-05-17-15.23.09 - INFO - Confusion Matrix:
[[15  0]
 [12  0]]
2025-05-17 15:23:15,677 - utils.logger2025-05-17-15.23.09 - INFO - Epoch 4/500, Avg Loss: 0.6962365270, Weighted F1: 0.3968253968, Unweighted F1: 0.3571428571, Weighted Acc: 0.5000000042, Unweighted Acc: 0.5555555556
2025-05-17 15:23:15,678 - utils.logger2025-05-17-15.23.09 - INFO - Confusion Matrix:
[[15  0]
 [12  0]]
2025-05-17 15:23:16,091 - utils.logger2025-05-17-15.23.09 - INFO - Epoch 5/500, Avg Loss: 0.7043746630, Weighted F1: 0.3968253968, Unweighted F1: 0.3571428571, Weighted Acc: 0.5000000042, Unweighted Acc: 0.5555555556
2025-05-17 15:23:16,091 - utils.logger2025-05-17-15.23.09 - INFO - Confusion Matrix:
[[15  0]
 [12  0]]
2025-05-17 15:23:16,494 - utils.logger2025-05-17-15.23.09 - INFO - Epoch 6/500, Avg Loss: 0.6997907996, Weighted F1: 0.2735042735, Unweighted F1: 0.3076923077, Weighted Acc: 0.4999999958, Unweighted Acc: 0.4444444444
2025-05-17 15:23:16,495 - utils.logger2025-05-17-15.23.09 - INFO - Confusion Matrix:
[[ 0 15]
 [ 0 12]]
2025-05-17 15:23:16,894 - utils.logger2025-05-17-15.23.09 - INFO - Epoch 7/500, Avg Loss: 0.6867754936, Weighted F1: 0.3968253968, Unweighted F1: 0.3571428571, Weighted Acc: 0.5000000042, Unweighted Acc: 0.5555555556
2025-05-17 15:23:16,894 - utils.logger2025-05-17-15.23.09 - INFO - Confusion Matrix:
[[15  0]
 [12  0]]
2025-05-17 15:23:17,313 - utils.logger2025-05-17-15.23.09 - INFO - Epoch 8/500, Avg Loss: 0.6981388211, Weighted F1: 0.3968253968, Unweighted F1: 0.3571428571, Weighted Acc: 0.5000000042, Unweighted Acc: 0.5555555556
2025-05-17 15:23:17,313 - utils.logger2025-05-17-15.23.09 - INFO - Confusion Matrix:
[[15  0]
 [12  0]]
2025-05-17 15:23:17,724 - utils.logger2025-05-17-15.23.09 - INFO - Epoch 9/500, Avg Loss: 0.7078852375, Weighted F1: 0.2735042735, Unweighted F1: 0.3076923077, Weighted Acc: 0.4999999958, Unweighted Acc: 0.4444444444
2025-05-17 15:23:17,724 - utils.logger2025-05-17-15.23.09 - INFO - Confusion Matrix:
[[ 0 15]
 [ 0 12]]
2025-05-17 15:23:18,126 - utils.logger2025-05-17-15.23.09 - INFO - Epoch 10/500, Avg Loss: 0.6965117733, Weighted F1: 0.2735042735, Unweighted F1: 0.3076923077, Weighted Acc: 0.4999999958, Unweighted Acc: 0.4444444444
2025-05-17 15:23:18,127 - utils.logger2025-05-17-15.23.09 - INFO - Confusion Matrix:
[[ 0 15]
 [ 0 12]]
2025-05-17 15:23:18,551 - utils.logger2025-05-17-15.23.09 - INFO - Epoch 11/500, Avg Loss: 0.7015706062, Weighted F1: 0.3968253968, Unweighted F1: 0.3571428571, Weighted Acc: 0.5000000042, Unweighted Acc: 0.5555555556
2025-05-17 15:23:18,551 - utils.logger2025-05-17-15.23.09 - INFO - Confusion Matrix:
[[15  0]
 [12  0]]
2025-05-17 15:23:18,959 - utils.logger2025-05-17-15.23.09 - INFO - Epoch 12/500, Avg Loss: 0.7107321143, Weighted F1: 0.3968253968, Unweighted F1: 0.3571428571, Weighted Acc: 0.5000000042, Unweighted Acc: 0.5555555556
2025-05-17 15:23:18,959 - utils.logger2025-05-17-15.23.09 - INFO - Confusion Matrix:
[[15  0]
 [12  0]]
2025-05-17 15:23:19,371 - utils.logger2025-05-17-15.23.09 - INFO - Epoch 13/500, Avg Loss: 0.7041450739, Weighted F1: 0.2735042735, Unweighted F1: 0.3076923077, Weighted Acc: 0.4999999958, Unweighted Acc: 0.4444444444
2025-05-17 15:23:19,372 - utils.logger2025-05-17-15.23.09 - INFO - Confusion Matrix:
[[ 0 15]
 [ 0 12]]
2025-05-17 15:23:19,776 - utils.logger2025-05-17-15.23.09 - INFO - Epoch 14/500, Avg Loss: 0.6930763920, Weighted F1: 0.3968253968, Unweighted F1: 0.3571428571, Weighted Acc: 0.5000000042, Unweighted Acc: 0.5555555556
2025-05-17 15:23:19,776 - utils.logger2025-05-17-15.23.09 - INFO - Confusion Matrix:
[[15  0]
 [12  0]]
2025-05-17 15:23:20,185 - utils.logger2025-05-17-15.23.09 - INFO - Epoch 15/500, Avg Loss: 0.7015307943, Weighted F1: 0.3968253968, Unweighted F1: 0.3571428571, Weighted Acc: 0.5000000042, Unweighted Acc: 0.5555555556
2025-05-17 15:23:20,186 - utils.logger2025-05-17-15.23.09 - INFO - Confusion Matrix:
[[15  0]
 [12  0]]
2025-05-17 15:23:20,588 - utils.logger2025-05-17-15.23.09 - INFO - Epoch 16/500, Avg Loss: 0.6966651201, Weighted F1: 0.3968253968, Unweighted F1: 0.3571428571, Weighted Acc: 0.5000000042, Unweighted Acc: 0.5555555556
2025-05-17 15:23:20,588 - utils.logger2025-05-17-15.23.09 - INFO - Confusion Matrix:
[[15  0]
 [12  0]]
2025-05-17 15:23:20,974 - utils.logger2025-05-17-15.23.09 - INFO - Epoch 17/500, Avg Loss: 0.7057990511, Weighted F1: 0.3968253968, Unweighted F1: 0.3571428571, Weighted Acc: 0.5000000042, Unweighted Acc: 0.5555555556
2025-05-17 15:23:20,975 - utils.logger2025-05-17-15.23.09 - INFO - Confusion Matrix:
[[15  0]
 [12  0]]
2025-05-17 15:23:21,362 - utils.logger2025-05-17-15.23.09 - INFO - Epoch 18/500, Avg Loss: 0.6912411729, Weighted F1: 0.2573099415, Unweighted F1: 0.2894736842, Weighted Acc: 0.4583333295, Unweighted Acc: 0.4074074074
2025-05-17 15:23:21,363 - utils.logger2025-05-17-15.23.09 - INFO - Confusion Matrix:
[[ 0 15]
 [ 1 11]]
2025-05-17 15:23:21,758 - utils.logger2025-05-17-15.23.09 - INFO - Epoch 19/500, Avg Loss: 0.6985494693, Weighted F1: 0.3968253968, Unweighted F1: 0.3571428571, Weighted Acc: 0.5000000042, Unweighted Acc: 0.5555555556
2025-05-17 15:23:21,758 - utils.logger2025-05-17-15.23.09 - INFO - Confusion Matrix:
[[15  0]
 [12  0]]
2025-05-17 15:23:22,144 - utils.logger2025-05-17-15.23.09 - INFO - Epoch 20/500, Avg Loss: 0.6920113842, Weighted F1: 0.3968253968, Unweighted F1: 0.3571428571, Weighted Acc: 0.5000000042, Unweighted Acc: 0.5555555556
2025-05-17 15:23:22,144 - utils.logger2025-05-17-15.23.09 - INFO - Confusion Matrix:
[[15  0]
 [12  0]]
2025-05-17 15:23:22,528 - utils.logger2025-05-17-15.23.09 - INFO - Epoch 21/500, Avg Loss: 0.6919539730, Weighted F1: 0.3968253968, Unweighted F1: 0.3571428571, Weighted Acc: 0.5000000042, Unweighted Acc: 0.5555555556
2025-05-17 15:23:22,528 - utils.logger2025-05-17-15.23.09 - INFO - Confusion Matrix:
[[15  0]
 [12  0]]
2025-05-17 15:23:22,912 - utils.logger2025-05-17-15.23.09 - INFO - Epoch 22/500, Avg Loss: 0.6935930928, Weighted F1: 0.3968253968, Unweighted F1: 0.3571428571, Weighted Acc: 0.5000000042, Unweighted Acc: 0.5555555556
2025-05-17 15:23:22,912 - utils.logger2025-05-17-15.23.09 - INFO - Confusion Matrix:
[[15  0]
 [12  0]]
2025-05-17 15:23:23,294 - utils.logger2025-05-17-15.23.09 - INFO - Epoch 23/500, Avg Loss: 0.6929951390, Weighted F1: 0.3968253968, Unweighted F1: 0.3571428571, Weighted Acc: 0.5000000042, Unweighted Acc: 0.5555555556
2025-05-17 15:23:23,295 - utils.logger2025-05-17-15.23.09 - INFO - Confusion Matrix:
[[15  0]
 [12  0]]
2025-05-17 15:23:23,676 - utils.logger2025-05-17-15.23.09 - INFO - Epoch 24/500, Avg Loss: 0.6910453240, Weighted F1: 0.3968253968, Unweighted F1: 0.3571428571, Weighted Acc: 0.5000000042, Unweighted Acc: 0.5555555556
2025-05-17 15:23:23,677 - utils.logger2025-05-17-15.23.09 - INFO - Confusion Matrix:
[[15  0]
 [12  0]]
2025-05-17 15:23:24,066 - utils.logger2025-05-17-15.23.09 - INFO - Epoch 25/500, Avg Loss: 0.7034741998, Weighted F1: 0.3968253968, Unweighted F1: 0.3571428571, Weighted Acc: 0.5000000042, Unweighted Acc: 0.5555555556
2025-05-17 15:23:24,067 - utils.logger2025-05-17-15.23.09 - INFO - Confusion Matrix:
[[15  0]
 [12  0]]
2025-05-17 15:23:24,472 - utils.logger2025-05-17-15.23.09 - INFO - Epoch 26/500, Avg Loss: 0.6979331017, Weighted F1: 0.3968253968, Unweighted F1: 0.3571428571, Weighted Acc: 0.5000000042, Unweighted Acc: 0.5555555556
2025-05-17 15:23:24,472 - utils.logger2025-05-17-15.23.09 - INFO - Confusion Matrix:
[[15  0]
 [12  0]]
2025-05-17 15:23:24,887 - utils.logger2025-05-17-15.23.09 - INFO - Epoch 27/500, Avg Loss: 0.6937193632, Weighted F1: 0.3968253968, Unweighted F1: 0.3571428571, Weighted Acc: 0.5000000042, Unweighted Acc: 0.5555555556
2025-05-17 15:23:24,887 - utils.logger2025-05-17-15.23.09 - INFO - Confusion Matrix:
[[15  0]
 [12  0]]
2025-05-17 15:23:25,300 - utils.logger2025-05-17-15.23.09 - INFO - Epoch 28/500, Avg Loss: 0.6934762398, Weighted F1: 0.3968253968, Unweighted F1: 0.3571428571, Weighted Acc: 0.5000000042, Unweighted Acc: 0.5555555556
2025-05-17 15:23:25,300 - utils.logger2025-05-17-15.23.09 - INFO - Confusion Matrix:
[[15  0]
 [12  0]]
2025-05-17 15:23:25,708 - utils.logger2025-05-17-15.23.09 - INFO - Epoch 29/500, Avg Loss: 0.6930141727, Weighted F1: 0.3968253968, Unweighted F1: 0.3571428571, Weighted Acc: 0.5000000042, Unweighted Acc: 0.5555555556
2025-05-17 15:23:25,709 - utils.logger2025-05-17-15.23.09 - INFO - Confusion Matrix:
[[15  0]
 [12  0]]
2025-05-17 15:23:26,116 - utils.logger2025-05-17-15.23.09 - INFO - Epoch 30/500, Avg Loss: 0.6938990633, Weighted F1: 0.3968253968, Unweighted F1: 0.3571428571, Weighted Acc: 0.5000000042, Unweighted Acc: 0.5555555556
2025-05-17 15:23:26,116 - utils.logger2025-05-17-15.23.09 - INFO - Confusion Matrix:
[[15  0]
 [12  0]]
2025-05-17 15:23:26,519 - utils.logger2025-05-17-15.23.09 - INFO - Epoch 31/500, Avg Loss: 0.6952962120, Weighted F1: 0.3968253968, Unweighted F1: 0.3571428571, Weighted Acc: 0.5000000042, Unweighted Acc: 0.5555555556
2025-05-17 15:23:26,519 - utils.logger2025-05-17-15.23.09 - INFO - Confusion Matrix:
[[15  0]
 [12  0]]
2025-05-17 15:23:26,938 - utils.logger2025-05-17-15.23.09 - INFO - Epoch 32/500, Avg Loss: 0.6919585943, Weighted F1: 0.3968253968, Unweighted F1: 0.3571428571, Weighted Acc: 0.5000000042, Unweighted Acc: 0.5555555556
2025-05-17 15:23:26,939 - utils.logger2025-05-17-15.23.09 - INFO - Confusion Matrix:
[[15  0]
 [12  0]]
2025-05-17 15:23:27,357 - utils.logger2025-05-17-15.23.09 - INFO - Epoch 33/500, Avg Loss: 0.6937865098, Weighted F1: 0.3968253968, Unweighted F1: 0.3571428571, Weighted Acc: 0.5000000042, Unweighted Acc: 0.5555555556
2025-05-17 15:23:27,357 - utils.logger2025-05-17-15.23.09 - INFO - Confusion Matrix:
[[15  0]
 [12  0]]
2025-05-17 15:23:27,757 - utils.logger2025-05-17-15.23.09 - INFO - Epoch 34/500, Avg Loss: 0.6954081813, Weighted F1: 0.3968253968, Unweighted F1: 0.3571428571, Weighted Acc: 0.5000000042, Unweighted Acc: 0.5555555556
2025-05-17 15:23:27,757 - utils.logger2025-05-17-15.23.09 - INFO - Confusion Matrix:
[[15  0]
 [12  0]]
2025-05-17 15:23:28,151 - utils.logger2025-05-17-15.23.09 - INFO - Epoch 35/500, Avg Loss: 0.6931154132, Weighted F1: 0.3968253968, Unweighted F1: 0.3571428571, Weighted Acc: 0.5000000042, Unweighted Acc: 0.5555555556
2025-05-17 15:23:28,151 - utils.logger2025-05-17-15.23.09 - INFO - Confusion Matrix:
[[15  0]
 [12  0]]
2025-05-17 15:23:28,550 - utils.logger2025-05-17-15.23.09 - INFO - Epoch 36/500, Avg Loss: 0.6941358129, Weighted F1: 0.3968253968, Unweighted F1: 0.3571428571, Weighted Acc: 0.5000000042, Unweighted Acc: 0.5555555556
2025-05-17 15:23:28,551 - utils.logger2025-05-17-15.23.09 - INFO - Confusion Matrix:
[[15  0]
 [12  0]]
2025-05-17 15:23:28,950 - utils.logger2025-05-17-15.23.09 - INFO - Epoch 37/500, Avg Loss: 0.6931279937, Weighted F1: 0.3968253968, Unweighted F1: 0.3571428571, Weighted Acc: 0.5000000042, Unweighted Acc: 0.5555555556
2025-05-17 15:23:28,951 - utils.logger2025-05-17-15.23.09 - INFO - Confusion Matrix:
[[15  0]
 [12  0]]
2025-05-17 15:23:29,352 - utils.logger2025-05-17-15.23.09 - INFO - Epoch 38/500, Avg Loss: 0.6932064295, Weighted F1: 0.3968253968, Unweighted F1: 0.3571428571, Weighted Acc: 0.5000000042, Unweighted Acc: 0.5555555556
2025-05-17 15:23:29,352 - utils.logger2025-05-17-15.23.09 - INFO - Confusion Matrix:
[[15  0]
 [12  0]]
2025-05-17 15:23:29,738 - utils.logger2025-05-17-15.23.09 - INFO - Epoch 39/500, Avg Loss: 0.6934047620, Weighted F1: 0.3968253968, Unweighted F1: 0.3571428571, Weighted Acc: 0.5000000042, Unweighted Acc: 0.5555555556
2025-05-17 15:23:29,739 - utils.logger2025-05-17-15.23.09 - INFO - Confusion Matrix:
[[15  0]
 [12  0]]
2025-05-17 15:23:30,124 - utils.logger2025-05-17-15.23.09 - INFO - Epoch 40/500, Avg Loss: 0.6925743540, Weighted F1: 0.3968253968, Unweighted F1: 0.3571428571, Weighted Acc: 0.5000000042, Unweighted Acc: 0.5555555556
2025-05-17 15:23:30,124 - utils.logger2025-05-17-15.23.09 - INFO - Confusion Matrix:
[[15  0]
 [12  0]]
2025-05-17 15:23:30,509 - utils.logger2025-05-17-15.23.09 - INFO - Epoch 41/500, Avg Loss: 0.6929231405, Weighted F1: 0.3968253968, Unweighted F1: 0.3571428571, Weighted Acc: 0.5000000042, Unweighted Acc: 0.5555555556
2025-05-17 15:23:30,509 - utils.logger2025-05-17-15.23.09 - INFO - Confusion Matrix:
[[15  0]
 [12  0]]
2025-05-17 15:23:30,895 - utils.logger2025-05-17-15.23.09 - INFO - Epoch 42/500, Avg Loss: 0.6931888302, Weighted F1: 0.3968253968, Unweighted F1: 0.3571428571, Weighted Acc: 0.5000000042, Unweighted Acc: 0.5555555556
2025-05-17 15:23:30,895 - utils.logger2025-05-17-15.23.09 - INFO - Confusion Matrix:
[[15  0]
 [12  0]]
2025-05-17 15:23:31,278 - utils.logger2025-05-17-15.23.09 - INFO - Epoch 43/500, Avg Loss: 0.6928182602, Weighted F1: 0.3968253968, Unweighted F1: 0.3571428571, Weighted Acc: 0.5000000042, Unweighted Acc: 0.5555555556
2025-05-17 15:23:31,278 - utils.logger2025-05-17-15.23.09 - INFO - Confusion Matrix:
[[15  0]
 [12  0]]
2025-05-17 15:23:31,668 - utils.logger2025-05-17-15.23.09 - INFO - Epoch 44/500, Avg Loss: 0.6936681310, Weighted F1: 0.3968253968, Unweighted F1: 0.3571428571, Weighted Acc: 0.5000000042, Unweighted Acc: 0.5555555556
2025-05-17 15:23:31,668 - utils.logger2025-05-17-15.23.09 - INFO - Confusion Matrix:
[[15  0]
 [12  0]]
2025-05-17 15:23:32,062 - utils.logger2025-05-17-15.23.09 - INFO - Epoch 45/500, Avg Loss: 0.6929583788, Weighted F1: 0.3968253968, Unweighted F1: 0.3571428571, Weighted Acc: 0.5000000042, Unweighted Acc: 0.5555555556
2025-05-17 15:23:32,062 - utils.logger2025-05-17-15.23.09 - INFO - Confusion Matrix:
[[15  0]
 [12  0]]
2025-05-17 15:23:32,446 - utils.logger2025-05-17-15.23.09 - INFO - Epoch 46/500, Avg Loss: 0.6929027756, Weighted F1: 0.3968253968, Unweighted F1: 0.3571428571, Weighted Acc: 0.5000000042, Unweighted Acc: 0.5555555556
2025-05-17 15:23:32,446 - utils.logger2025-05-17-15.23.09 - INFO - Confusion Matrix:
[[15  0]
 [12  0]]
2025-05-17 15:23:32,829 - utils.logger2025-05-17-15.23.09 - INFO - Epoch 47/500, Avg Loss: 0.6932295283, Weighted F1: 0.3968253968, Unweighted F1: 0.3571428571, Weighted Acc: 0.5000000042, Unweighted Acc: 0.5555555556
2025-05-17 15:23:32,829 - utils.logger2025-05-17-15.23.09 - INFO - Confusion Matrix:
[[15  0]
 [12  0]]
2025-05-17 15:23:33,214 - utils.logger2025-05-17-15.23.09 - INFO - Epoch 48/500, Avg Loss: 0.6925814192, Weighted F1: 0.3968253968, Unweighted F1: 0.3571428571, Weighted Acc: 0.5000000042, Unweighted Acc: 0.5555555556
2025-05-17 15:23:33,215 - utils.logger2025-05-17-15.23.09 - INFO - Confusion Matrix:
[[15  0]
 [12  0]]
2025-05-17 15:23:33,605 - utils.logger2025-05-17-15.23.09 - INFO - Epoch 49/500, Avg Loss: 0.6928425113, Weighted F1: 0.3968253968, Unweighted F1: 0.3571428571, Weighted Acc: 0.5000000042, Unweighted Acc: 0.5555555556
2025-05-17 15:23:33,605 - utils.logger2025-05-17-15.23.09 - INFO - Confusion Matrix:
[[15  0]
 [12  0]]
2025-05-17 15:23:33,992 - utils.logger2025-05-17-15.23.09 - INFO - Epoch 50/500, Avg Loss: 0.6934353908, Weighted F1: 0.3968253968, Unweighted F1: 0.3571428571, Weighted Acc: 0.5000000042, Unweighted Acc: 0.5555555556
2025-05-17 15:23:33,992 - utils.logger2025-05-17-15.23.09 - INFO - Confusion Matrix:
[[15  0]
 [12  0]]
2025-05-17 15:23:34,378 - utils.logger2025-05-17-15.23.09 - INFO - Epoch 51/500, Avg Loss: 0.6937289397, Weighted F1: 0.3968253968, Unweighted F1: 0.3571428571, Weighted Acc: 0.5000000042, Unweighted Acc: 0.5555555556
2025-05-17 15:23:34,378 - utils.logger2025-05-17-15.23.09 - INFO - Confusion Matrix:
[[15  0]
 [12  0]]
2025-05-17 15:23:34,770 - utils.logger2025-05-17-15.23.09 - INFO - Epoch 52/500, Avg Loss: 0.6934355259, Weighted F1: 0.3968253968, Unweighted F1: 0.3571428571, Weighted Acc: 0.5000000042, Unweighted Acc: 0.5555555556
2025-05-17 15:23:34,770 - utils.logger2025-05-17-15.23.09 - INFO - Confusion Matrix:
[[15  0]
 [12  0]]
2025-05-17 15:23:35,160 - utils.logger2025-05-17-15.23.09 - INFO - Epoch 53/500, Avg Loss: 0.6936261217, Weighted F1: 0.3968253968, Unweighted F1: 0.3571428571, Weighted Acc: 0.5000000042, Unweighted Acc: 0.5555555556
2025-05-17 15:23:35,160 - utils.logger2025-05-17-15.23.09 - INFO - Confusion Matrix:
[[15  0]
 [12  0]]
2025-05-17 15:23:35,558 - utils.logger2025-05-17-15.23.09 - INFO - Epoch 54/500, Avg Loss: 0.6933669329, Weighted F1: 0.3968253968, Unweighted F1: 0.3571428571, Weighted Acc: 0.5000000042, Unweighted Acc: 0.5555555556
2025-05-17 15:23:35,558 - utils.logger2025-05-17-15.23.09 - INFO - Confusion Matrix:
[[15  0]
 [12  0]]
2025-05-17 15:23:35,948 - utils.logger2025-05-17-15.23.09 - INFO - Epoch 55/500, Avg Loss: 0.6932332635, Weighted F1: 0.3968253968, Unweighted F1: 0.3571428571, Weighted Acc: 0.5000000042, Unweighted Acc: 0.5555555556
2025-05-17 15:23:35,949 - utils.logger2025-05-17-15.23.09 - INFO - Confusion Matrix:
[[15  0]
 [12  0]]
2025-05-17 15:23:36,329 - utils.logger2025-05-17-15.23.09 - INFO - Epoch 56/500, Avg Loss: 0.6932669520, Weighted F1: 0.3968253968, Unweighted F1: 0.3571428571, Weighted Acc: 0.5000000042, Unweighted Acc: 0.5555555556
2025-05-17 15:23:36,329 - utils.logger2025-05-17-15.23.09 - INFO - Confusion Matrix:
[[15  0]
 [12  0]]
2025-05-17 15:23:36,726 - utils.logger2025-05-17-15.23.09 - INFO - Epoch 57/500, Avg Loss: 0.6939215461, Weighted F1: 0.3968253968, Unweighted F1: 0.3571428571, Weighted Acc: 0.5000000042, Unweighted Acc: 0.5555555556
2025-05-17 15:23:36,726 - utils.logger2025-05-17-15.23.09 - INFO - Confusion Matrix:
[[15  0]
 [12  0]]
2025-05-17 15:23:37,136 - utils.logger2025-05-17-15.23.09 - INFO - Epoch 58/500, Avg Loss: 0.6927202503, Weighted F1: 0.3968253968, Unweighted F1: 0.3571428571, Weighted Acc: 0.5000000042, Unweighted Acc: 0.5555555556
2025-05-17 15:23:37,136 - utils.logger2025-05-17-15.23.09 - INFO - Confusion Matrix:
[[15  0]
 [12  0]]
2025-05-17 15:23:37,552 - utils.logger2025-05-17-15.23.09 - INFO - Epoch 59/500, Avg Loss: 0.6929797689, Weighted F1: 0.3968253968, Unweighted F1: 0.3571428571, Weighted Acc: 0.5000000042, Unweighted Acc: 0.5555555556
2025-05-17 15:23:37,553 - utils.logger2025-05-17-15.23.09 - INFO - Confusion Matrix:
[[15  0]
 [12  0]]
2025-05-17 15:23:37,967 - utils.logger2025-05-17-15.23.09 - INFO - Epoch 60/500, Avg Loss: 0.6925756176, Weighted F1: 0.3968253968, Unweighted F1: 0.3571428571, Weighted Acc: 0.5000000042, Unweighted Acc: 0.5555555556
2025-05-17 15:23:37,968 - utils.logger2025-05-17-15.23.09 - INFO - Confusion Matrix:
[[15  0]
 [12  0]]
2025-05-17 15:23:38,386 - utils.logger2025-05-17-15.23.09 - INFO - Epoch 61/500, Avg Loss: 0.6934054136, Weighted F1: 0.3968253968, Unweighted F1: 0.3571428571, Weighted Acc: 0.5000000042, Unweighted Acc: 0.5555555556
2025-05-17 15:23:38,386 - utils.logger2025-05-17-15.23.09 - INFO - Confusion Matrix:
[[15  0]
 [12  0]]
2025-05-17 15:23:38,799 - utils.logger2025-05-17-15.23.09 - INFO - Epoch 62/500, Avg Loss: 0.6925291340, Weighted F1: 0.3968253968, Unweighted F1: 0.3571428571, Weighted Acc: 0.5000000042, Unweighted Acc: 0.5555555556
2025-05-17 15:23:38,799 - utils.logger2025-05-17-15.23.09 - INFO - Confusion Matrix:
[[15  0]
 [12  0]]
2025-05-17 15:23:39,206 - utils.logger2025-05-17-15.23.09 - INFO - Epoch 63/500, Avg Loss: 0.6929097970, Weighted F1: 0.3968253968, Unweighted F1: 0.3571428571, Weighted Acc: 0.5000000042, Unweighted Acc: 0.5555555556
2025-05-17 15:23:39,206 - utils.logger2025-05-17-15.23.09 - INFO - Confusion Matrix:
[[15  0]
 [12  0]]
2025-05-17 15:23:39,624 - utils.logger2025-05-17-15.23.09 - INFO - Epoch 64/500, Avg Loss: 0.6930627823, Weighted F1: 0.3968253968, Unweighted F1: 0.3571428571, Weighted Acc: 0.5000000042, Unweighted Acc: 0.5555555556
2025-05-17 15:23:39,624 - utils.logger2025-05-17-15.23.09 - INFO - Confusion Matrix:
[[15  0]
 [12  0]]
2025-05-17 15:23:40,056 - utils.logger2025-05-17-15.23.09 - INFO - Epoch 65/500, Avg Loss: 0.6936331073, Weighted F1: 0.3968253968, Unweighted F1: 0.3571428571, Weighted Acc: 0.5000000042, Unweighted Acc: 0.5555555556
2025-05-17 15:23:40,056 - utils.logger2025-05-17-15.23.09 - INFO - Confusion Matrix:
[[15  0]
 [12  0]]
2025-05-17 15:23:40,482 - utils.logger2025-05-17-15.23.09 - INFO - Epoch 66/500, Avg Loss: 0.6925082127, Weighted F1: 0.3968253968, Unweighted F1: 0.3571428571, Weighted Acc: 0.5000000042, Unweighted Acc: 0.5555555556
2025-05-17 15:23:40,482 - utils.logger2025-05-17-15.23.09 - INFO - Confusion Matrix:
[[15  0]
 [12  0]]
2025-05-17 15:23:40,899 - utils.logger2025-05-17-15.23.09 - INFO - Epoch 67/500, Avg Loss: 0.6929368059, Weighted F1: 0.3968253968, Unweighted F1: 0.3571428571, Weighted Acc: 0.5000000042, Unweighted Acc: 0.5555555556
2025-05-17 15:23:40,900 - utils.logger2025-05-17-15.23.09 - INFO - Confusion Matrix:
[[15  0]
 [12  0]]
2025-05-17 15:23:41,317 - utils.logger2025-05-17-15.23.09 - INFO - Epoch 68/500, Avg Loss: 0.6928934137, Weighted F1: 0.3968253968, Unweighted F1: 0.3571428571, Weighted Acc: 0.5000000042, Unweighted Acc: 0.5555555556
2025-05-17 15:23:41,317 - utils.logger2025-05-17-15.23.09 - INFO - Confusion Matrix:
[[15  0]
 [12  0]]
2025-05-17 15:23:41,724 - utils.logger2025-05-17-15.23.09 - INFO - Epoch 69/500, Avg Loss: 0.6930297613, Weighted F1: 0.3968253968, Unweighted F1: 0.3571428571, Weighted Acc: 0.5000000042, Unweighted Acc: 0.5555555556
2025-05-17 15:23:41,724 - utils.logger2025-05-17-15.23.09 - INFO - Confusion Matrix:
[[15  0]
 [12  0]]
2025-05-17 15:23:42,141 - utils.logger2025-05-17-15.23.09 - INFO - Epoch 70/500, Avg Loss: 0.6925736785, Weighted F1: 0.3968253968, Unweighted F1: 0.3571428571, Weighted Acc: 0.5000000042, Unweighted Acc: 0.5555555556
2025-05-17 15:23:42,141 - utils.logger2025-05-17-15.23.09 - INFO - Confusion Matrix:
[[15  0]
 [12  0]]
2025-05-17 15:23:42,553 - utils.logger2025-05-17-15.23.09 - INFO - Epoch 71/500, Avg Loss: 0.6925583084, Weighted F1: 0.3968253968, Unweighted F1: 0.3571428571, Weighted Acc: 0.5000000042, Unweighted Acc: 0.5555555556
2025-05-17 15:23:42,553 - utils.logger2025-05-17-15.23.09 - INFO - Confusion Matrix:
[[15  0]
 [12  0]]
2025-05-17 15:23:42,961 - utils.logger2025-05-17-15.23.09 - INFO - Epoch 72/500, Avg Loss: 0.6928166270, Weighted F1: 0.3968253968, Unweighted F1: 0.3571428571, Weighted Acc: 0.5000000042, Unweighted Acc: 0.5555555556
2025-05-17 15:23:42,961 - utils.logger2025-05-17-15.23.09 - INFO - Confusion Matrix:
[[15  0]
 [12  0]]
2025-05-17 15:23:43,375 - utils.logger2025-05-17-15.23.09 - INFO - Epoch 73/500, Avg Loss: 0.6930142283, Weighted F1: 0.3968253968, Unweighted F1: 0.3571428571, Weighted Acc: 0.5000000042, Unweighted Acc: 0.5555555556
2025-05-17 15:23:43,375 - utils.logger2025-05-17-15.23.09 - INFO - Confusion Matrix:
[[15  0]
 [12  0]]
2025-05-17 15:23:43,799 - utils.logger2025-05-17-15.23.09 - INFO - Epoch 74/500, Avg Loss: 0.6929961880, Weighted F1: 0.3968253968, Unweighted F1: 0.3571428571, Weighted Acc: 0.5000000042, Unweighted Acc: 0.5555555556
2025-05-17 15:23:43,799 - utils.logger2025-05-17-15.23.09 - INFO - Confusion Matrix:
[[15  0]
 [12  0]]
2025-05-17 15:23:44,212 - utils.logger2025-05-17-15.23.09 - INFO - Epoch 75/500, Avg Loss: 0.6932941874, Weighted F1: 0.3968253968, Unweighted F1: 0.3571428571, Weighted Acc: 0.5000000042, Unweighted Acc: 0.5555555556
2025-05-17 15:23:44,213 - utils.logger2025-05-17-15.23.09 - INFO - Confusion Matrix:
[[15  0]
 [12  0]]
2025-05-17 15:23:44,628 - utils.logger2025-05-17-15.23.09 - INFO - Epoch 76/500, Avg Loss: 0.6926872611, Weighted F1: 0.3968253968, Unweighted F1: 0.3571428571, Weighted Acc: 0.5000000042, Unweighted Acc: 0.5555555556
2025-05-17 15:23:44,628 - utils.logger2025-05-17-15.23.09 - INFO - Confusion Matrix:
[[15  0]
 [12  0]]
2025-05-17 15:23:45,042 - utils.logger2025-05-17-15.23.09 - INFO - Epoch 77/500, Avg Loss: 0.6927825014, Weighted F1: 0.3968253968, Unweighted F1: 0.3571428571, Weighted Acc: 0.5000000042, Unweighted Acc: 0.5555555556
2025-05-17 15:23:45,042 - utils.logger2025-05-17-15.23.09 - INFO - Confusion Matrix:
[[15  0]
 [12  0]]
2025-05-17 15:23:45,454 - utils.logger2025-05-17-15.23.09 - INFO - Epoch 78/500, Avg Loss: 0.6931132396, Weighted F1: 0.3968253968, Unweighted F1: 0.3571428571, Weighted Acc: 0.5000000042, Unweighted Acc: 0.5555555556
2025-05-17 15:23:45,455 - utils.logger2025-05-17-15.23.09 - INFO - Confusion Matrix:
[[15  0]
 [12  0]]
2025-05-17 15:23:45,868 - utils.logger2025-05-17-15.23.09 - INFO - Epoch 79/500, Avg Loss: 0.6922165712, Weighted F1: 0.3968253968, Unweighted F1: 0.3571428571, Weighted Acc: 0.5000000042, Unweighted Acc: 0.5555555556
2025-05-17 15:23:45,868 - utils.logger2025-05-17-15.23.09 - INFO - Confusion Matrix:
[[15  0]
 [12  0]]
2025-05-17 15:23:46,281 - utils.logger2025-05-17-15.23.09 - INFO - Epoch 80/500, Avg Loss: 0.6932453871, Weighted F1: 0.3968253968, Unweighted F1: 0.3571428571, Weighted Acc: 0.5000000042, Unweighted Acc: 0.5555555556
2025-05-17 15:23:46,281 - utils.logger2025-05-17-15.23.09 - INFO - Confusion Matrix:
[[15  0]
 [12  0]]
2025-05-17 15:23:46,694 - utils.logger2025-05-17-15.23.09 - INFO - Epoch 81/500, Avg Loss: 0.6932009141, Weighted F1: 0.3968253968, Unweighted F1: 0.3571428571, Weighted Acc: 0.5000000042, Unweighted Acc: 0.5555555556
2025-05-17 15:23:46,694 - utils.logger2025-05-17-15.23.09 - INFO - Confusion Matrix:
[[15  0]
 [12  0]]
2025-05-17 15:23:47,111 - utils.logger2025-05-17-15.23.09 - INFO - Epoch 82/500, Avg Loss: 0.6925490379, Weighted F1: 0.3968253968, Unweighted F1: 0.3571428571, Weighted Acc: 0.5000000042, Unweighted Acc: 0.5555555556
2025-05-17 15:23:47,111 - utils.logger2025-05-17-15.23.09 - INFO - Confusion Matrix:
[[15  0]
 [12  0]]
2025-05-17 15:23:47,524 - utils.logger2025-05-17-15.23.09 - INFO - Epoch 83/500, Avg Loss: 0.6930347045, Weighted F1: 0.3968253968, Unweighted F1: 0.3571428571, Weighted Acc: 0.5000000042, Unweighted Acc: 0.5555555556
2025-05-17 15:23:47,524 - utils.logger2025-05-17-15.23.09 - INFO - Confusion Matrix:
[[15  0]
 [12  0]]
2025-05-17 15:23:47,952 - utils.logger2025-05-17-15.23.09 - INFO - Epoch 84/500, Avg Loss: 0.6924833298, Weighted F1: 0.3968253968, Unweighted F1: 0.3571428571, Weighted Acc: 0.5000000042, Unweighted Acc: 0.5555555556
2025-05-17 15:23:47,953 - utils.logger2025-05-17-15.23.09 - INFO - Confusion Matrix:
[[15  0]
 [12  0]]
2025-05-17 15:23:48,368 - utils.logger2025-05-17-15.23.09 - INFO - Epoch 85/500, Avg Loss: 0.6930928866, Weighted F1: 0.3968253968, Unweighted F1: 0.3571428571, Weighted Acc: 0.5000000042, Unweighted Acc: 0.5555555556
2025-05-17 15:23:48,368 - utils.logger2025-05-17-15.23.09 - INFO - Confusion Matrix:
[[15  0]
 [12  0]]
2025-05-17 15:23:48,781 - utils.logger2025-05-17-15.23.09 - INFO - Epoch 86/500, Avg Loss: 0.6930939555, Weighted F1: 0.3968253968, Unweighted F1: 0.3571428571, Weighted Acc: 0.5000000042, Unweighted Acc: 0.5555555556
2025-05-17 15:23:48,782 - utils.logger2025-05-17-15.23.09 - INFO - Confusion Matrix:
[[15  0]
 [12  0]]
2025-05-17 15:23:49,202 - utils.logger2025-05-17-15.23.09 - INFO - Epoch 87/500, Avg Loss: 0.6930050532, Weighted F1: 0.3968253968, Unweighted F1: 0.3571428571, Weighted Acc: 0.5000000042, Unweighted Acc: 0.5555555556
2025-05-17 15:23:49,202 - utils.logger2025-05-17-15.23.09 - INFO - Confusion Matrix:
[[15  0]
 [12  0]]
2025-05-17 15:23:49,623 - utils.logger2025-05-17-15.23.09 - INFO - Epoch 88/500, Avg Loss: 0.6926329851, Weighted F1: 0.3968253968, Unweighted F1: 0.3571428571, Weighted Acc: 0.5000000042, Unweighted Acc: 0.5555555556
2025-05-17 15:23:49,623 - utils.logger2025-05-17-15.23.09 - INFO - Confusion Matrix:
[[15  0]
 [12  0]]
2025-05-17 15:23:50,047 - utils.logger2025-05-17-15.23.09 - INFO - Epoch 89/500, Avg Loss: 0.6935336550, Weighted F1: 0.3968253968, Unweighted F1: 0.3571428571, Weighted Acc: 0.5000000042, Unweighted Acc: 0.5555555556
2025-05-17 15:23:50,048 - utils.logger2025-05-17-15.23.09 - INFO - Confusion Matrix:
[[15  0]
 [12  0]]
2025-05-17 15:23:50,474 - utils.logger2025-05-17-15.23.09 - INFO - Epoch 90/500, Avg Loss: 0.6929353595, Weighted F1: 0.3968253968, Unweighted F1: 0.3571428571, Weighted Acc: 0.5000000042, Unweighted Acc: 0.5555555556
2025-05-17 15:23:50,474 - utils.logger2025-05-17-15.23.09 - INFO - Confusion Matrix:
[[15  0]
 [12  0]]
2025-05-17 15:23:50,888 - utils.logger2025-05-17-15.23.09 - INFO - Epoch 91/500, Avg Loss: 0.6923893531, Weighted F1: 0.3968253968, Unweighted F1: 0.3571428571, Weighted Acc: 0.5000000042, Unweighted Acc: 0.5555555556
2025-05-17 15:23:50,888 - utils.logger2025-05-17-15.23.09 - INFO - Confusion Matrix:
[[15  0]
 [12  0]]
2025-05-17 15:23:51,284 - utils.logger2025-05-17-15.23.09 - INFO - Epoch 92/500, Avg Loss: 0.6926088015, Weighted F1: 0.3968253968, Unweighted F1: 0.3571428571, Weighted Acc: 0.5000000042, Unweighted Acc: 0.5555555556
2025-05-17 15:23:51,285 - utils.logger2025-05-17-15.23.09 - INFO - Confusion Matrix:
[[15  0]
 [12  0]]
2025-05-17 15:23:51,693 - utils.logger2025-05-17-15.23.09 - INFO - Epoch 93/500, Avg Loss: 0.6937152187, Weighted F1: 0.3968253968, Unweighted F1: 0.3571428571, Weighted Acc: 0.5000000042, Unweighted Acc: 0.5555555556
2025-05-17 15:23:51,693 - utils.logger2025-05-17-15.23.09 - INFO - Confusion Matrix:
[[15  0]
 [12  0]]
2025-05-17 15:23:52,112 - utils.logger2025-05-17-15.23.09 - INFO - Epoch 94/500, Avg Loss: 0.6928410570, Weighted F1: 0.3968253968, Unweighted F1: 0.3571428571, Weighted Acc: 0.5000000042, Unweighted Acc: 0.5555555556
2025-05-17 15:23:52,112 - utils.logger2025-05-17-15.23.09 - INFO - Confusion Matrix:
[[15  0]
 [12  0]]
2025-05-17 15:23:52,535 - utils.logger2025-05-17-15.23.09 - INFO - Epoch 95/500, Avg Loss: 0.6932569822, Weighted F1: 0.3968253968, Unweighted F1: 0.3571428571, Weighted Acc: 0.5000000042, Unweighted Acc: 0.5555555556
2025-05-17 15:23:52,535 - utils.logger2025-05-17-15.23.09 - INFO - Confusion Matrix:
[[15  0]
 [12  0]]
2025-05-17 15:23:52,950 - utils.logger2025-05-17-15.23.09 - INFO - Epoch 96/500, Avg Loss: 0.6929207325, Weighted F1: 0.3968253968, Unweighted F1: 0.3571428571, Weighted Acc: 0.5000000042, Unweighted Acc: 0.5555555556
2025-05-17 15:23:52,951 - utils.logger2025-05-17-15.23.09 - INFO - Confusion Matrix:
[[15  0]
 [12  0]]
2025-05-17 15:23:53,361 - utils.logger2025-05-17-15.23.09 - INFO - Epoch 97/500, Avg Loss: 0.6936639190, Weighted F1: 0.3968253968, Unweighted F1: 0.3571428571, Weighted Acc: 0.5000000042, Unweighted Acc: 0.5555555556
2025-05-17 15:23:53,362 - utils.logger2025-05-17-15.23.09 - INFO - Confusion Matrix:
[[15  0]
 [12  0]]
2025-05-17 15:23:53,789 - utils.logger2025-05-17-15.23.09 - INFO - Epoch 98/500, Avg Loss: 0.6930903355, Weighted F1: 0.3968253968, Unweighted F1: 0.3571428571, Weighted Acc: 0.5000000042, Unweighted Acc: 0.5555555556
2025-05-17 15:23:53,790 - utils.logger2025-05-17-15.23.09 - INFO - Confusion Matrix:
[[15  0]
 [12  0]]
2025-05-17 15:23:54,203 - utils.logger2025-05-17-15.23.09 - INFO - Epoch 99/500, Avg Loss: 0.6928743641, Weighted F1: 0.3968253968, Unweighted F1: 0.3571428571, Weighted Acc: 0.5000000042, Unweighted Acc: 0.5555555556
2025-05-17 15:23:54,204 - utils.logger2025-05-17-15.23.09 - INFO - Confusion Matrix:
[[15  0]
 [12  0]]
2025-05-17 15:23:54,635 - utils.logger2025-05-17-15.23.09 - INFO - Epoch 100/500, Avg Loss: 0.6931123296, Weighted F1: 0.3968253968, Unweighted F1: 0.3571428571, Weighted Acc: 0.5000000042, Unweighted Acc: 0.5555555556
2025-05-17 15:23:54,635 - utils.logger2025-05-17-15.23.09 - INFO - Confusion Matrix:
[[15  0]
 [12  0]]
2025-05-17 15:23:55,055 - utils.logger2025-05-17-15.23.09 - INFO - Epoch 101/500, Avg Loss: 0.6928422610, Weighted F1: 0.3968253968, Unweighted F1: 0.3571428571, Weighted Acc: 0.5000000042, Unweighted Acc: 0.5555555556
2025-05-17 15:23:55,055 - utils.logger2025-05-17-15.23.09 - INFO - Confusion Matrix:
[[15  0]
 [12  0]]
2025-05-17 15:23:55,460 - utils.logger2025-05-17-15.23.09 - INFO - Epoch 102/500, Avg Loss: 0.6931359053, Weighted F1: 0.3968253968, Unweighted F1: 0.3571428571, Weighted Acc: 0.5000000042, Unweighted Acc: 0.5555555556
2025-05-17 15:23:55,461 - utils.logger2025-05-17-15.23.09 - INFO - Confusion Matrix:
[[15  0]
 [12  0]]
2025-05-17 15:23:55,871 - utils.logger2025-05-17-15.23.09 - INFO - Epoch 103/500, Avg Loss: 0.6929133614, Weighted F1: 0.3968253968, Unweighted F1: 0.3571428571, Weighted Acc: 0.5000000042, Unweighted Acc: 0.5555555556
2025-05-17 15:23:55,871 - utils.logger2025-05-17-15.23.09 - INFO - Confusion Matrix:
[[15  0]
 [12  0]]
2025-05-17 15:23:56,287 - utils.logger2025-05-17-15.23.09 - INFO - Epoch 104/500, Avg Loss: 0.6920462728, Weighted F1: 0.3968253968, Unweighted F1: 0.3571428571, Weighted Acc: 0.5000000042, Unweighted Acc: 0.5555555556
2025-05-17 15:23:56,288 - utils.logger2025-05-17-15.23.09 - INFO - Confusion Matrix:
[[15  0]
 [12  0]]
2025-05-17 15:23:56,702 - utils.logger2025-05-17-15.23.09 - INFO - Epoch 105/500, Avg Loss: 0.6931621114, Weighted F1: 0.3968253968, Unweighted F1: 0.3571428571, Weighted Acc: 0.5000000042, Unweighted Acc: 0.5555555556
2025-05-17 15:23:56,703 - utils.logger2025-05-17-15.23.09 - INFO - Confusion Matrix:
[[15  0]
 [12  0]]
2025-05-17 15:23:57,126 - utils.logger2025-05-17-15.23.09 - INFO - Epoch 106/500, Avg Loss: 0.6934107701, Weighted F1: 0.3968253968, Unweighted F1: 0.3571428571, Weighted Acc: 0.5000000042, Unweighted Acc: 0.5555555556
2025-05-17 15:23:57,126 - utils.logger2025-05-17-15.23.09 - INFO - Confusion Matrix:
[[15  0]
 [12  0]]
2025-05-17 15:23:57,557 - utils.logger2025-05-17-15.23.09 - INFO - Epoch 107/500, Avg Loss: 0.6929473837, Weighted F1: 0.3968253968, Unweighted F1: 0.3571428571, Weighted Acc: 0.5000000042, Unweighted Acc: 0.5555555556
2025-05-17 15:23:57,557 - utils.logger2025-05-17-15.23.09 - INFO - Confusion Matrix:
[[15  0]
 [12  0]]
2025-05-17 15:23:57,991 - utils.logger2025-05-17-15.23.09 - INFO - Epoch 108/500, Avg Loss: 0.6933216294, Weighted F1: 0.3968253968, Unweighted F1: 0.3571428571, Weighted Acc: 0.5000000042, Unweighted Acc: 0.5555555556
2025-05-17 15:23:57,992 - utils.logger2025-05-17-15.23.09 - INFO - Confusion Matrix:
[[15  0]
 [12  0]]
2025-05-17 15:23:58,402 - utils.logger2025-05-17-15.23.09 - INFO - Epoch 109/500, Avg Loss: 0.6930532813, Weighted F1: 0.3968253968, Unweighted F1: 0.3571428571, Weighted Acc: 0.5000000042, Unweighted Acc: 0.5555555556
2025-05-17 15:23:58,402 - utils.logger2025-05-17-15.23.09 - INFO - Confusion Matrix:
[[15  0]
 [12  0]]
2025-05-17 15:23:58,818 - utils.logger2025-05-17-15.23.09 - INFO - Epoch 110/500, Avg Loss: 0.6938886245, Weighted F1: 0.3968253968, Unweighted F1: 0.3571428571, Weighted Acc: 0.5000000042, Unweighted Acc: 0.5555555556
2025-05-17 15:23:58,818 - utils.logger2025-05-17-15.23.09 - INFO - Confusion Matrix:
[[15  0]
 [12  0]]
2025-05-17 15:23:59,225 - utils.logger2025-05-17-15.23.09 - INFO - Epoch 111/500, Avg Loss: 0.6932298581, Weighted F1: 0.3968253968, Unweighted F1: 0.3571428571, Weighted Acc: 0.5000000042, Unweighted Acc: 0.5555555556
2025-05-17 15:23:59,226 - utils.logger2025-05-17-15.23.09 - INFO - Confusion Matrix:
[[15  0]
 [12  0]]
2025-05-17 15:23:59,628 - utils.logger2025-05-17-15.23.09 - INFO - Epoch 112/500, Avg Loss: 0.6926707546, Weighted F1: 0.3968253968, Unweighted F1: 0.3571428571, Weighted Acc: 0.5000000042, Unweighted Acc: 0.5555555556
2025-05-17 15:23:59,628 - utils.logger2025-05-17-15.23.09 - INFO - Confusion Matrix:
[[15  0]
 [12  0]]
2025-05-17 15:24:00,041 - utils.logger2025-05-17-15.23.09 - INFO - Epoch 113/500, Avg Loss: 0.6934814254, Weighted F1: 0.3968253968, Unweighted F1: 0.3571428571, Weighted Acc: 0.5000000042, Unweighted Acc: 0.5555555556
2025-05-17 15:24:00,041 - utils.logger2025-05-17-15.23.09 - INFO - Confusion Matrix:
[[15  0]
 [12  0]]
2025-05-17 15:24:00,451 - utils.logger2025-05-17-15.23.09 - INFO - Epoch 114/500, Avg Loss: 0.6930010120, Weighted F1: 0.3968253968, Unweighted F1: 0.3571428571, Weighted Acc: 0.5000000042, Unweighted Acc: 0.5555555556
2025-05-17 15:24:00,451 - utils.logger2025-05-17-15.23.09 - INFO - Confusion Matrix:
[[15  0]
 [12  0]]
2025-05-17 15:24:00,867 - utils.logger2025-05-17-15.23.09 - INFO - Epoch 115/500, Avg Loss: 0.6936494986, Weighted F1: 0.3968253968, Unweighted F1: 0.3571428571, Weighted Acc: 0.5000000042, Unweighted Acc: 0.5555555556
2025-05-17 15:24:00,867 - utils.logger2025-05-17-15.23.09 - INFO - Confusion Matrix:
[[15  0]
 [12  0]]
2025-05-17 15:24:01,276 - utils.logger2025-05-17-15.23.09 - INFO - Epoch 116/500, Avg Loss: 0.6931929072, Weighted F1: 0.3968253968, Unweighted F1: 0.3571428571, Weighted Acc: 0.5000000042, Unweighted Acc: 0.5555555556
2025-05-17 15:24:01,276 - utils.logger2025-05-17-15.23.09 - INFO - Confusion Matrix:
[[15  0]
 [12  0]]
2025-05-17 15:24:01,686 - utils.logger2025-05-17-15.23.09 - INFO - Epoch 117/500, Avg Loss: 0.6928946654, Weighted F1: 0.3968253968, Unweighted F1: 0.3571428571, Weighted Acc: 0.5000000042, Unweighted Acc: 0.5555555556
2025-05-17 15:24:01,686 - utils.logger2025-05-17-15.23.09 - INFO - Confusion Matrix:
[[15  0]
 [12  0]]
2025-05-17 15:24:02,097 - utils.logger2025-05-17-15.23.09 - INFO - Epoch 118/500, Avg Loss: 0.6928322554, Weighted F1: 0.3968253968, Unweighted F1: 0.3571428571, Weighted Acc: 0.5000000042, Unweighted Acc: 0.5555555556
2025-05-17 15:24:02,097 - utils.logger2025-05-17-15.23.09 - INFO - Confusion Matrix:
[[15  0]
 [12  0]]
2025-05-17 15:24:02,509 - utils.logger2025-05-17-15.23.09 - INFO - Epoch 119/500, Avg Loss: 0.6932011366, Weighted F1: 0.3968253968, Unweighted F1: 0.3571428571, Weighted Acc: 0.5000000042, Unweighted Acc: 0.5555555556
2025-05-17 15:24:02,509 - utils.logger2025-05-17-15.23.09 - INFO - Confusion Matrix:
[[15  0]
 [12  0]]
