2025-05-17 08:43:11,597 - utils.logger2025-05-17-08.43.10 - INFO - splitwindow_time=1s, audiofeature_method=wav2vec, videofeature_method=openface
2025-05-17 08:43:11,597 - utils.logger2025-05-17-08.43.10 - INFO - batch_size=16, num_epochs=10, labels=2, feature_max_len=25, lr=6e-05
2025-05-17 08:43:11,598 - utils.logger2025-05-17-08.43.10 - INFO - Using random seed: 3407
2025-05-17 08:43:11,598 - utils.logger2025-05-17-08.43.10 - INFO - personalized features used：/root/MPDD-Young/Training/individualEmbedding/descriptions_embeddings_with_ids.npy
2025-05-17 08:43:14,507 - utils.logger2025-05-17-08.43.10 - INFO - The number of training samples = 237
2025-05-17 08:43:14,507 - utils.logger2025-05-17-08.43.10 - INFO - The number of val samples = 27
2025-05-17 08:43:15,218 - utils.logger2025-05-17-08.43.10 - INFO - Epoch 1/10, Avg Loss: 0.6873514970, Weighted F1: 0.5492424242, Unweighted F1: 0.5397727273, Weighted Acc: 0.5416666677, Unweighted Acc: 0.5555555556
2025-05-17 08:43:15,218 - utils.logger2025-05-17-08.43.10 - INFO - Confusion Matrix:
[[10  5]
 [ 7  5]]
2025-05-17 08:43:15,488 - utils.logger2025-05-17-08.43.10 - INFO - Epoch 2/10, Avg Loss: 0.7011520028, Weighted F1: 0.4226273960, Unweighted F1: 0.4319775596, Weighted Acc: 0.4666666650, Unweighted Acc: 0.4444444444
2025-05-17 08:43:15,488 - utils.logger2025-05-17-08.43.10 - INFO - Confusion Matrix:
[[ 4 11]
 [ 4  8]]
2025-05-17 08:43:15,740 - utils.logger2025-05-17-08.43.10 - INFO - Epoch 3/10, Avg Loss: 0.6867208878, Weighted F1: 0.3968253968, Unweighted F1: 0.3571428571, Weighted Acc: 0.5000000042, Unweighted Acc: 0.5555555556
2025-05-17 08:43:15,740 - utils.logger2025-05-17-08.43.10 - INFO - Confusion Matrix:
[[15  0]
 [12  0]]
2025-05-17 08:43:15,999 - utils.logger2025-05-17-08.43.10 - INFO - Epoch 4/10, Avg Loss: 0.7026224613, Weighted F1: 0.4190072425, Unweighted F1: 0.4419713831, Weighted Acc: 0.5666666631, Unweighted Acc: 0.5185185185
2025-05-17 08:43:15,999 - utils.logger2025-05-17-08.43.10 - INFO - Confusion Matrix:
[[ 2 13]
 [ 0 12]]
2025-05-17 08:43:16,254 - utils.logger2025-05-17-08.43.10 - INFO - Epoch 5/10, Avg Loss: 0.6990377347, Weighted F1: 0.3968253968, Unweighted F1: 0.3571428571, Weighted Acc: 0.5000000042, Unweighted Acc: 0.5555555556
2025-05-17 08:43:16,255 - utils.logger2025-05-17-08.43.10 - INFO - Confusion Matrix:
[[15  0]
 [12  0]]
2025-05-17 08:43:16,542 - utils.logger2025-05-17-08.43.10 - INFO - Epoch 6/10, Avg Loss: 0.6998630643, Weighted F1: 0.3968253968, Unweighted F1: 0.3571428571, Weighted Acc: 0.5000000042, Unweighted Acc: 0.5555555556
2025-05-17 08:43:16,542 - utils.logger2025-05-17-08.43.10 - INFO - Confusion Matrix:
[[15  0]
 [12  0]]
2025-05-17 08:43:16,807 - utils.logger2025-05-17-08.43.10 - INFO - Epoch 7/10, Avg Loss: 0.7110552549, Weighted F1: 0.5158173601, Unweighted F1: 0.5077138850, Weighted Acc: 0.5083333341, Unweighted Acc: 0.5185185185
2025-05-17 08:43:16,807 - utils.logger2025-05-17-08.43.10 - INFO - Confusion Matrix:
[[9 6]
 [7 5]]
2025-05-17 08:43:17,056 - utils.logger2025-05-17-08.43.10 - INFO - Epoch 8/10, Avg Loss: 0.6898812691, Weighted F1: 0.3968253968, Unweighted F1: 0.3571428571, Weighted Acc: 0.5000000042, Unweighted Acc: 0.5555555556
2025-05-17 08:43:17,057 - utils.logger2025-05-17-08.43.10 - INFO - Confusion Matrix:
[[15  0]
 [12  0]]
2025-05-17 08:43:17,310 - utils.logger2025-05-17-08.43.10 - INFO - Epoch 9/10, Avg Loss: 0.7005099138, Weighted F1: 0.2735042735, Unweighted F1: 0.3076923077, Weighted Acc: 0.4999999958, Unweighted Acc: 0.4444444444
2025-05-17 08:43:17,310 - utils.logger2025-05-17-08.43.10 - INFO - Confusion Matrix:
[[ 0 15]
 [ 0 12]]
2025-05-17 08:43:17,563 - utils.logger2025-05-17-08.43.10 - INFO - Epoch 10/10, Avg Loss: 0.6937419454, Weighted F1: 0.2735042735, Unweighted F1: 0.3076923077, Weighted Acc: 0.4999999958, Unweighted Acc: 0.4444444444
2025-05-17 08:43:17,563 - utils.logger2025-05-17-08.43.10 - INFO - Confusion Matrix:
[[ 0 15]
 [ 0 12]]
2025-05-17 08:43:17,563 - utils.logger2025-05-17-08.43.10 - INFO - Training complete. Random seed: 3407. Best epoch: 1.
2025-05-17 08:43:17,563 - utils.logger2025-05-17-08.43.10 - INFO - Best Weighted F1: 0.5492, Best Unweighted F1: 0.5398, Best Weighted Acc: 0.5417, Best Unweighted Acc: 0.5556.
2025-05-17 08:43:17,563 - utils.logger2025-05-17-08.43.10 - INFO - Confusion Matrix:
[[10  5]
 [ 7  5]]
