2025-05-19 04:25:36,775 - utils.logger2025-05-19-04.25.33 - INFO - splitwindow_time=1s, audiofeature_method=opensmile, videofeature_method=openface
2025-05-19 04:25:36,775 - utils.logger2025-05-19-04.25.33 - INFO - batch_size=16, num_epochs=10, labels=2, feature_max_len=25, lr=6e-05
2025-05-19 04:25:36,776 - utils.logger2025-05-19-04.25.33 - INFO - Using random seed: 3407
2025-05-19 04:25:36,776 - utils.logger2025-05-19-04.25.33 - INFO - personalized features used：/root/MPDD-Young/Training/individualEmbedding/descriptions_embeddings_with_ids.npy
2025-05-19 04:25:37,019 - utils.logger2025-05-19-04.25.33 - INFO - The number of training samples = 237
2025-05-19 04:25:37,019 - utils.logger2025-05-19-04.25.33 - INFO - The number of val samples = 27
2025-05-19 04:25:57,892 - utils.logger2025-05-19-04.25.33 - INFO - Epoch 1/10, Avg Loss: nan, Weighted F1: 0.3968253968, Unweighted F1: 0.3571428571, Weighted Acc: 0.5000000042, Unweighted Acc: 0.5555555556
2025-05-19 04:25:57,892 - utils.logger2025-05-19-04.25.33 - INFO - Confusion Matrix:
[[15  0]
 [12  0]]
2025-05-19 04:26:00,279 - utils.logger2025-05-19-04.25.33 - INFO - Epoch 2/10, Avg Loss: nan, Weighted F1: 0.3968253968, Unweighted F1: 0.3571428571, Weighted Acc: 0.5000000042, Unweighted Acc: 0.5555555556
2025-05-19 04:26:00,279 - utils.logger2025-05-19-04.25.33 - INFO - Confusion Matrix:
[[15  0]
 [12  0]]
2025-05-19 04:26:02,583 - utils.logger2025-05-19-04.25.33 - INFO - Epoch 3/10, Avg Loss: nan, Weighted F1: 0.3968253968, Unweighted F1: 0.3571428571, Weighted Acc: 0.5000000042, Unweighted Acc: 0.5555555556
2025-05-19 04:26:02,583 - utils.logger2025-05-19-04.25.33 - INFO - Confusion Matrix:
[[15  0]
 [12  0]]
2025-05-19 04:26:04,878 - utils.logger2025-05-19-04.25.33 - INFO - Epoch 4/10, Avg Loss: nan, Weighted F1: 0.3968253968, Unweighted F1: 0.3571428571, Weighted Acc: 0.5000000042, Unweighted Acc: 0.5555555556
2025-05-19 04:26:04,878 - utils.logger2025-05-19-04.25.33 - INFO - Confusion Matrix:
[[15  0]
 [12  0]]
2025-05-19 04:26:07,224 - utils.logger2025-05-19-04.25.33 - INFO - Epoch 5/10, Avg Loss: nan, Weighted F1: 0.3968253968, Unweighted F1: 0.3571428571, Weighted Acc: 0.5000000042, Unweighted Acc: 0.5555555556
2025-05-19 04:26:07,224 - utils.logger2025-05-19-04.25.33 - INFO - Confusion Matrix:
[[15  0]
 [12  0]]
2025-05-19 04:26:09,570 - utils.logger2025-05-19-04.25.33 - INFO - Epoch 6/10, Avg Loss: nan, Weighted F1: 0.3968253968, Unweighted F1: 0.3571428571, Weighted Acc: 0.5000000042, Unweighted Acc: 0.5555555556
2025-05-19 04:26:09,570 - utils.logger2025-05-19-04.25.33 - INFO - Confusion Matrix:
[[15  0]
 [12  0]]
2025-05-19 04:26:11,851 - utils.logger2025-05-19-04.25.33 - INFO - Epoch 7/10, Avg Loss: nan, Weighted F1: 0.3968253968, Unweighted F1: 0.3571428571, Weighted Acc: 0.5000000042, Unweighted Acc: 0.5555555556
2025-05-19 04:26:11,851 - utils.logger2025-05-19-04.25.33 - INFO - Confusion Matrix:
[[15  0]
 [12  0]]
2025-05-19 04:26:14,168 - utils.logger2025-05-19-04.25.33 - INFO - Epoch 8/10, Avg Loss: nan, Weighted F1: 0.3968253968, Unweighted F1: 0.3571428571, Weighted Acc: 0.5000000042, Unweighted Acc: 0.5555555556
2025-05-19 04:26:14,168 - utils.logger2025-05-19-04.25.33 - INFO - Confusion Matrix:
[[15  0]
 [12  0]]
2025-05-19 04:26:16,440 - utils.logger2025-05-19-04.25.33 - INFO - Epoch 9/10, Avg Loss: nan, Weighted F1: 0.3968253968, Unweighted F1: 0.3571428571, Weighted Acc: 0.5000000042, Unweighted Acc: 0.5555555556
2025-05-19 04:26:16,440 - utils.logger2025-05-19-04.25.33 - INFO - Confusion Matrix:
[[15  0]
 [12  0]]
2025-05-19 04:26:18,763 - utils.logger2025-05-19-04.25.33 - INFO - Epoch 10/10, Avg Loss: nan, Weighted F1: 0.3968253968, Unweighted F1: 0.3571428571, Weighted Acc: 0.5000000042, Unweighted Acc: 0.5555555556
2025-05-19 04:26:18,764 - utils.logger2025-05-19-04.25.33 - INFO - Confusion Matrix:
[[15  0]
 [12  0]]
2025-05-19 04:26:18,764 - utils.logger2025-05-19-04.25.33 - INFO - Training complete. Random seed: 3407. Best epoch: 1.
2025-05-19 04:26:18,764 - utils.logger2025-05-19-04.25.33 - INFO - Best Weighted F1: 0.3968, Best Unweighted F1: 0.3571, Best Weighted Acc: 0.5000, Best Unweighted Acc: 0.5556.
2025-05-19 04:26:18,764 - utils.logger2025-05-19-04.25.33 - INFO - Confusion Matrix:
[[15  0]
 [12  0]]
